Log file open, 07/28/24 09:06:19
LogWindows: Failed to load 'aqProf.dll' (GetLastError=126)
LogWindows: File 'aqProf.dll' does not exist
LogWindows: Failed to load 'VtuneApi.dll' (GetLastError=126)
LogWindows: File 'VtuneApi.dll' does not exist
LogWindows: Failed to load 'VtuneApi32e.dll' (GetLastError=126)
LogWindows: File 'VtuneApi32e.dll' does not exist
LogConsoleResponse: Display: Failed to find resolution value strings in scalability ini. Falling back to default.
LogConsoleResponse: Display: Failed to find resolution value strings in scalability ini. Falling back to default.
LogInit: Display: Running engine for game: Game
LogPlatformFile: Not using cached read wrapper
LogTaskGraph: Started task graph with 5 named threads and 20 total threads with 3 sets of task threads.
LogStats: Stats thread started at 6.601059
LogICUInternationalization: ICU TimeZone Detection - Raw Offset: +2:00, Platform Override: ''
LogInit: Display: Loading text-based GConfig....
LogPluginManager: Mounting plugin MeshPainting
LogPluginManager: Mounting plugin XGEController
LogPluginManager: Mounting plugin AISupport
LogPluginManager: Mounting plugin EnvironmentQueryEditor
LogPluginManager: Mounting plugin LightPropagationVolume
LogPluginManager: Mounting plugin LiveLink
LogPluginManager: Mounting plugin CameraShakePreviewer
LogPluginManager: Mounting plugin GameplayCameras
LogPluginManager: Mounting plugin OodleData
LogPluginManager: Mounting plugin OodleNetwork
LogPluginManager: Mounting plugin Paper2D
LogPluginManager: Mounting plugin DatasmithContent
LogPluginManager: Mounting plugin Niagara
LogPluginManager: Mounting plugin VariantManagerContent
LogPluginManager: Mounting plugin AnimationSharing
LogPluginManager: Mounting plugin CLionSourceCodeAccess
LogPluginManager: Mounting plugin CodeLiteSourceCodeAccess
LogPluginManager: Mounting plugin GitSourceControl
LogPluginManager: Mounting plugin KDevelopSourceCodeAccess
LogPluginManager: Mounting plugin NullSourceCodeAccess
LogPluginManager: Mounting plugin PerforceSourceControl
LogPluginManager: Mounting plugin PixWinPlugin
LogPluginManager: Mounting plugin PlasticSourceControl
LogPluginManager: Mounting plugin PluginUtils
LogPluginManager: Mounting plugin PropertyAccessNode
LogPluginManager: Mounting plugin RiderSourceCodeAccess
LogPluginManager: Mounting plugin SubversionSourceControl
LogPluginManager: Mounting plugin TextureFormatOodle
LogPluginManager: Mounting plugin UObjectPlugin
LogPluginManager: Mounting plugin VisualStudioCodeSourceCodeAccess
LogPluginManager: Mounting plugin VisualStudioSourceCodeAccess
LogPluginManager: Mounting plugin XCodeSourceCodeAccess
LogPluginManager: Mounting plugin AssetManagerEditor
LogPluginManager: Mounting plugin CryptoKeys
LogPluginManager: Mounting plugin CurveEditorTools
LogPluginManager: Mounting plugin GeometryMode
LogPluginManager: Mounting plugin DataValidation
LogPluginManager: Mounting plugin FacialAnimation
LogPluginManager: Mounting plugin GameplayTagsEditor
LogPluginManager: Mounting plugin MacGraphicsSwitching
LogPluginManager: Mounting plugin MaterialAnalyzer
LogPluginManager: Mounting plugin MobileLauncherProfileWizard
LogPluginManager: Mounting plugin SpeedTreeImporter
LogPluginManager: Mounting plugin AndroidMedia
LogPluginManager: Mounting plugin PluginBrowser
LogPluginManager: Mounting plugin AvfMedia
LogPluginManager: Mounting plugin ImgMedia
LogPluginManager: Mounting plugin MediaCompositing
LogPluginManager: Mounting plugin MediaPlayerEditor
LogPluginManager: Mounting plugin LuminPlatformFeatures
LogPluginManager: Mounting plugin WebMMedia
LogPluginManager: Mounting plugin WmfMedia
LogPluginManager: Mounting plugin MagicLeapLightEstimation
LogPluginManager: Mounting plugin MagicLeapMedia
LogPluginManager: Mounting plugin MagicLeapPassableWorld
LogPluginManager: Mounting plugin MLSDK
LogPluginManager: Mounting plugin AlembicImporter
LogPluginManager: Mounting plugin MagicLeap
LogPluginManager: Mounting plugin AutomationUtils
LogPluginManager: Mounting plugin BackChannel
LogPluginManager: Mounting plugin ChaosCloth
LogPluginManager: Mounting plugin ChaosClothEditor
LogPluginManager: Mounting plugin ChaosEditor
LogPluginManager: Mounting plugin ChaosSolverPlugin
LogPluginManager: Mounting plugin CharacterAI
LogPluginManager: Mounting plugin GeometryCache
LogPluginManager: Mounting plugin TcpMessaging
LogPluginManager: Mounting plugin UdpMessaging
LogPluginManager: Mounting plugin LauncherChunkInstaller
LogPluginManager: Mounting plugin GeometryProcessing
LogPluginManager: Mounting plugin GeometryCollectionPlugin
LogPluginManager: Mounting plugin ChaosNiagara
LogPluginManager: Mounting plugin MotoSynth
LogPluginManager: Mounting plugin OpenImageDenoise
LogPluginManager: Mounting plugin PlanarCut
LogPluginManager: Mounting plugin PlatformCrypto
LogPluginManager: Mounting plugin ProxyLODPlugin
LogPluginManager: Mounting plugin SkeletalReduction
LogPluginManager: Mounting plugin PythonScriptPlugin
LogPluginManager: Mounting plugin ScreenshotTools
LogPluginManager: Mounting plugin ActorSequence
LogPluginManager: Mounting plugin Takes
LogPluginManager: Mounting plugin LevelSequenceEditor
LogPluginManager: Mounting plugin MatineeToLevelSequence
LogPluginManager: Mounting plugin TemplateSequence
LogPluginManager: Mounting plugin OnlineSubsystem
LogPluginManager: Mounting plugin OnlineSubsystemNull
LogPluginManager: Mounting plugin OnlineSubsystemUtils
LogPluginManager: Mounting plugin ActorLayerUtilities
LogPluginManager: Mounting plugin AndroidDeviceProfileSelector
LogPluginManager: Mounting plugin AndroidMoviePlayer
LogPluginManager: Mounting plugin AndroidPermission
LogPluginManager: Mounting plugin AppleImageUtils
LogPluginManager: Mounting plugin AppleMoviePlayer
LogPluginManager: Mounting plugin ArchVisCharacter
LogPluginManager: Mounting plugin AssetTags
LogPluginManager: Mounting plugin AudioCapture
LogPluginManager: Mounting plugin AudioSynesthesia
LogPluginManager: Mounting plugin CableComponent
LogPluginManager: Mounting plugin ChunkDownloader
LogPluginManager: Mounting plugin CustomMeshComponent
LogPluginManager: Mounting plugin EditableMesh
LogPluginManager: Mounting plugin ExampleDeviceProfileSelector
LogPluginManager: Mounting plugin GooglePAD
LogPluginManager: Mounting plugin GoogleCloudMessaging
LogPluginManager: Mounting plugin IOSDeviceProfileSelector
LogPluginManager: Mounting plugin LinuxDeviceProfileSelector
LogPluginManager: Mounting plugin LocationServicesBPLibrary
LogPluginManager: Mounting plugin MobilePatchingUtils
LogPluginManager: Mounting plugin OpenXR
LogPluginManager: Mounting plugin OpenXREyeTracker
LogPluginManager: Mounting plugin OpenXRHandTracking
LogPluginManager: Mounting plugin PhysXVehicles
LogPluginManager: Mounting plugin PostSplashScreen
LogPluginManager: Mounting plugin ProceduralMeshComponent
LogPluginManager: Mounting plugin PropertyAccessEditor
LogPluginManager: Mounting plugin RuntimePhysXCooking
LogPluginManager: Mounting plugin SignificanceManager
LogPluginManager: Mounting plugin SoundFields
LogPluginManager: Mounting plugin WebMMoviePlayer
LogPluginManager: Mounting plugin Synthesis
LogPluginManager: Mounting plugin WindowsMoviePlayer
LogPluginManager: Mounting plugin ContentBrowserAssetDataSource
LogPluginManager: Mounting plugin ContentBrowserClassDataSource
LogPluginManager: Mounting plugin ContentBrowserFileDataSource
LogPluginManager: Mounting plugin OnlineSubsystemGooglePlay
LogPluginManager: Mounting plugin OnlineSubsystemIOS
LogPluginManager: Mounting plugin OculusVR
PixWinPlugin: PIX capture plugin failed to initialize! Check that the process is launched from PIX.
LogInit: Using libcurl 7.55.1-DEV
LogInit:  - built for x86_64-pc-win32
LogInit:  - supports SSL with OpenSSL/1.1.1
LogInit:  - supports HTTP deflate (compression) using libz 1.2.8
LogInit:  - other features:
LogInit:      CURL_VERSION_SSL
LogInit:      CURL_VERSION_LIBZ
LogInit:      CURL_VERSION_IPV6
LogInit:      CURL_VERSION_ASYNCHDNS
LogInit:      CURL_VERSION_LARGEFILE
LogInit:      CURL_VERSION_IDN
LogInit:  CurlRequestOptions (configurable via config and command line):
LogInit:  - bVerifyPeer = true  - Libcurl will verify peer certificate
LogInit:  - bUseHttpProxy = false  - Libcurl will NOT use HTTP proxy
LogInit:  - bDontReuseConnections = false  - Libcurl will reuse connections
LogInit:  - MaxHostConnections = 16  - Libcurl will limit the number of connections to a host
LogInit:  - LocalHostAddr = Default
LogInit:  - BufferSize = 65536
LogOnline: OSS: Creating online subsystem instance for: NULL
LogInit: WinSock: version 1.1 (2.2), MaxSocks=32767, MaxUdp=65467
LogOnline: OSS: TryLoadSubsystemAndSetDefault: Loaded subsystem for module [NULL]
LogOculusPluginWrapper: OculusPlugin initialized successfully
LogHMD: Failed initializing OVRPlugin 1.59.0
LogInit: Build: ++UE4+Release-4.27-CL-18319896
LogInit: Engine Version: 4.27.2-18319896+++UE4+Release-4.27
LogInit: Compatible Engine Version: 4.27.0-17155196+++UE4+Release-4.27
LogInit: Net CL: 17155196
LogInit: OS: Windows 10 (Release 2009) (), CPU: Intel(R) Core(TM) i5-9400F CPU @ 2.90GHz, GPU: NVIDIA GeForce GTX 1650 SUPER
LogInit: Compiled (64-bit): Nov 30 2021 07:12:08
LogInit: Compiled with Visual C++: 19.24.28315.00
LogInit: Build Configuration: Development
LogInit: Branch Name: ++UE4+Release-4.27
LogInit: Command Line: 
LogInit: Base Directory: D:/UE4/UE_4.27/Engine/Binaries/Win64/
LogInit: Allocator: TBB
LogInit: Installed Engine Build: 1
LogDevObjectVersion: Number of dev versions registered: 29
LogDevObjectVersion:   Dev-Blueprints (B0D832E4-1F89-4F0D-ACCF-7EB736FD4AA2): 10
LogDevObjectVersion:   Dev-Build (E1C64328-A22C-4D53-A36C-8E866417BD8C): 0
LogDevObjectVersion:   Dev-Core (375EC13C-06E4-48FB-B500-84F0262A717E): 4
LogDevObjectVersion:   Dev-Editor (E4B068ED-F494-42E9-A231-DA0B2E46BB41): 40
LogDevObjectVersion:   Dev-Framework (CFFC743F-43B0-4480-9391-14DF171D2073): 37
LogDevObjectVersion:   Dev-Mobile (B02B49B5-BB20-44E9-A304-32B752E40360): 3
LogDevObjectVersion:   Dev-Networking (A4E4105C-59A1-49B5-A7C5-40C4547EDFEE): 0
LogDevObjectVersion:   Dev-Online (39C831C9-5AE6-47DC-9A44-9C173E1C8E7C): 0
LogDevObjectVersion:   Dev-Physics (78F01B33-EBEA-4F98-B9B4-84EACCB95AA2): 14
LogDevObjectVersion:   Dev-Platform (6631380F-2D4D-43E0-8009-CF276956A95A): 0
LogDevObjectVersion:   Dev-Rendering (12F88B9F-8875-4AFC-A67C-D90C383ABD29): 45
LogDevObjectVersion:   Dev-Sequencer (7B5AE74C-D270-4C10-A958-57980B212A5A): 13
LogDevObjectVersion:   Dev-VR (D7296918-1DD6-4BDD-9DE2-64A83CC13884): 3
LogDevObjectVersion:   Dev-LoadTimes (C2A15278-BFE7-4AFE-6C17-90FF531DF755): 1
LogDevObjectVersion:   Private-Geometry (6EACA3D4-40EC-4CC1-B786-8BED09428FC5): 3
LogDevObjectVersion:   Dev-AnimPhys (29E575DD-E0A3-4627-9D10-D276232CDCEA): 17
LogDevObjectVersion:   Dev-Anim (AF43A65D-7FD3-4947-9873-3E8ED9C1BB05): 15
LogDevObjectVersion:   Dev-ReflectionCapture (6B266CEC-1EC7-4B8F-A30B-E4D90942FC07): 1
LogDevObjectVersion:   Dev-Automation (0DF73D61-A23F-47EA-B727-89E90C41499A): 1
LogDevObjectVersion:   FortniteMain (601D1886-AC64-4F84-AA16-D3DE0DEAC7D6): 47
LogDevObjectVersion:   FortniteRelease (E7086368-6B23-4C58-8439-1B7016265E91): 1
LogDevObjectVersion:   Dev-Enterprise (9DFFBCD6-494F-0158-E221-12823C92A888): 10
LogDevObjectVersion:   Dev-Niagara (F2AED0AC-9AFE-416F-8664-AA7FFA26D6FC): 1
LogDevObjectVersion:   Dev-Destruction (174F1F0B-B4C6-45A5-B13F-2EE8D0FB917D): 10
LogDevObjectVersion:   Dev-Physics-Ext (35F94A83-E258-406C-A318-09F59610247C): 41
LogDevObjectVersion:   Dev-PhysicsMaterial-Chaos (B68FC16E-8B1B-42E2-B453-215C058844FE): 1
LogDevObjectVersion:   Dev-CineCamera (B2E18506-4273-CFC2-A54E-F4BB758BBA07): 1
LogDevObjectVersion:   Dev-VirtualProduction (64F58936-FD1B-42BA-BA96-7289D5D0FA4E): 1
LogDevObjectVersion:   Dev-MediaFramework (6F0ED827-A609-4895-9C91-998D90180EA4): 2
LogInit: Presizing for max 25165824 objects, including 0 objects not considered by GC, pre-allocating 0 bytes for permanent pool.
LogConfig: Applying CVar settings from Section [/Script/Engine.StreamingSettings] File [C:/Users/User/Documents/Unreal Projects/Game/Saved/Config/Windows/Engine.ini]
LogConfig: Setting CVar [[s.MinBulkDataSizeForAsyncLoading:131072]]
LogConfig: Setting CVar [[s.AsyncLoadingThreadEnabled:0]]
LogConfig: Setting CVar [[s.EventDrivenLoaderEnabled:1]]
LogConfig: Setting CVar [[s.WarnIfTimeLimitExceeded:0]]
LogConfig: Setting CVar [[s.TimeLimitExceededMultiplier:1.5]]
LogConfig: Setting CVar [[s.TimeLimitExceededMinTime:0.005]]
LogConfig: Setting CVar [[s.UseBackgroundLevelStreaming:1]]
LogConfig: Setting CVar [[s.PriorityAsyncLoadingExtraTime:15.0]]
LogConfig: Setting CVar [[s.LevelStreamingActorsUpdateTimeLimit:5.0]]
LogConfig: Setting CVar [[s.PriorityLevelStreamingActorsUpdateExtraTime:5.0]]
LogConfig: Setting CVar [[s.LevelStreamingComponentsRegistrationGranularity:10]]
LogConfig: Setting CVar [[s.UnregisterComponentsTimeLimit:1.0]]
LogConfig: Setting CVar [[s.LevelStreamingComponentsUnregistrationGranularity:5]]
LogConfig: Setting CVar [[s.FlushStreamingOnExit:1]]
LogInit: Object subsystem initialized
LogConfig: Setting CVar [[con.DebugEarlyDefault:1]]
LogConfig: Setting CVar [[r.setres:1280x720]]
[2024.07.28-06.06.23:799][  0]LogConfig: Setting CVar [[r.VSync:0]]
[2024.07.28-06.06.23:799][  0]LogConfig: Setting CVar [[r.RHICmdBypass:0]]
[2024.07.28-06.06.23:799][  0]LogConfig: Applying CVar settings from Section [/Script/Engine.RendererSettings] File [C:/Users/User/Documents/Unreal Projects/Game/Saved/Config/Windows/Engine.ini]
[2024.07.28-06.06.23:799][  0]LogConfig: Setting CVar [[r.GPUCrashDebugging:0]]
[2024.07.28-06.06.23:799][  0]LogConfig: Applying CVar settings from Section [/Script/Engine.RendererOverrideSettings] File [C:/Users/User/Documents/Unreal Projects/Game/Saved/Config/Windows/Engine.ini]
[2024.07.28-06.06.23:799][  0]LogConfig: Applying CVar settings from Section [/Script/Engine.StreamingSettings] File [C:/Users/User/Documents/Unreal Projects/Game/Saved/Config/Windows/Engine.ini]
[2024.07.28-06.06.23:799][  0]LogConfig: Setting CVar [[s.MinBulkDataSizeForAsyncLoading:131072]]
[2024.07.28-06.06.23:799][  0]LogConfig: Setting CVar [[s.AsyncLoadingThreadEnabled:0]]
[2024.07.28-06.06.23:799][  0]LogConfig: Setting CVar [[s.EventDrivenLoaderEnabled:1]]
[2024.07.28-06.06.23:800][  0]LogConfig: Setting CVar [[s.WarnIfTimeLimitExceeded:0]]
[2024.07.28-06.06.23:800][  0]LogConfig: Setting CVar [[s.TimeLimitExceededMultiplier:1.5]]
[2024.07.28-06.06.23:800][  0]LogConfig: Setting CVar [[s.TimeLimitExceededMinTime:0.005]]
[2024.07.28-06.06.23:800][  0]LogConfig: Setting CVar [[s.UseBackgroundLevelStreaming:1]]
[2024.07.28-06.06.23:800][  0]LogConfig: Setting CVar [[s.PriorityAsyncLoadingExtraTime:15.0]]
[2024.07.28-06.06.23:800][  0]LogConfig: Setting CVar [[s.LevelStreamingActorsUpdateTimeLimit:5.0]]
[2024.07.28-06.06.23:800][  0]LogConfig: Setting CVar [[s.PriorityLevelStreamingActorsUpdateExtraTime:5.0]]
[2024.07.28-06.06.23:800][  0]LogConfig: Setting CVar [[s.LevelStreamingComponentsRegistrationGranularity:10]]
[2024.07.28-06.06.23:800][  0]LogConfig: Setting CVar [[s.UnregisterComponentsTimeLimit:1.0]]
[2024.07.28-06.06.23:800][  0]LogConfig: Setting CVar [[s.LevelStreamingComponentsUnregistrationGranularity:5]]
[2024.07.28-06.06.23:800][  0]LogConfig: Setting CVar [[s.FlushStreamingOnExit:1]]
[2024.07.28-06.06.23:800][  0]LogConfig: Applying CVar settings from Section [/Script/Engine.GarbageCollectionSettings] File [C:/Users/User/Documents/Unreal Projects/Game/Saved/Config/Windows/Engine.ini]
[2024.07.28-06.06.23:800][  0]LogConfig: Setting CVar [[gc.MaxObjectsNotConsideredByGC:1]]
[2024.07.28-06.06.23:800][  0]LogConfig: Setting CVar [[gc.SizeOfPermanentObjectPool:0]]
[2024.07.28-06.06.23:800][  0]LogConfig: Setting CVar [[gc.FlushStreamingOnGC:0]]
[2024.07.28-06.06.23:800][  0]LogConfig: Setting CVar [[gc.NumRetriesBeforeForcingGC:10]]
[2024.07.28-06.06.23:800][  0]LogConfig: Setting CVar [[gc.AllowParallelGC:1]]
[2024.07.28-06.06.23:800][  0]LogConfig: Setting CVar [[gc.TimeBetweenPurgingPendingKillObjects:61.1]]
[2024.07.28-06.06.23:800][  0]LogConfig: Setting CVar [[gc.MaxObjectsInEditor:25165824]]
[2024.07.28-06.06.23:800][  0]LogConfig: Setting CVar [[gc.IncrementalBeginDestroyEnabled:1]]
[2024.07.28-06.06.23:800][  0]LogConfig: Setting CVar [[gc.CreateGCClusters:1]]
[2024.07.28-06.06.23:800][  0]LogConfig: Setting CVar [[gc.MinGCClusterSize:5]]
[2024.07.28-06.06.23:800][  0]LogConfig: Setting CVar [[gc.ActorClusteringEnabled:0]]
[2024.07.28-06.06.23:800][  0]LogConfig: Setting CVar [[gc.BlueprintClusteringEnabled:0]]
[2024.07.28-06.06.23:800][  0]LogConfig: Setting CVar [[gc.UseDisregardForGCOnDedicatedServers:0]]
[2024.07.28-06.06.23:800][  0]LogConfig: Setting CVar [[gc.MultithreadedDestructionEnabled:1]]
[2024.07.28-06.06.23:800][  0]LogConfig: Applying CVar settings from Section [/Script/Engine.NetworkSettings] File [C:/Users/User/Documents/Unreal Projects/Game/Saved/Config/Windows/Engine.ini]
[2024.07.28-06.06.23:800][  0]LogConfig: Applying CVar settings from Section [/Script/UnrealEd.CookerSettings] File [C:/Users/User/Documents/Unreal Projects/Game/Saved/Config/Windows/Engine.ini]
[2024.07.28-06.06.23:881][  0]LogConfig: Applying CVar settings from Section [ViewDistanceQuality@3] File [C:/Users/User/Documents/Unreal Projects/Game/Saved/Config/Windows/Scalability.ini]
[2024.07.28-06.06.23:881][  0]LogConfig: Setting CVar [[r.SkeletalMeshLODBias:0]]
[2024.07.28-06.06.23:881][  0]LogConfig: Setting CVar [[r.ViewDistanceScale:1.0]]
[2024.07.28-06.06.23:881][  0]LogConfig: Applying CVar settings from Section [AntiAliasingQuality@3] File [C:/Users/User/Documents/Unreal Projects/Game/Saved/Config/Windows/Scalability.ini]
[2024.07.28-06.06.23:881][  0]LogConfig: Setting CVar [[r.PostProcessAAQuality:4]]
[2024.07.28-06.06.23:882][  0]LogConfig: Applying CVar settings from Section [ShadowQuality@3] File [C:/Users/User/Documents/Unreal Projects/Game/Saved/Config/Windows/Scalability.ini]
[2024.07.28-06.06.23:882][  0]LogConfig: Setting CVar [[r.LightFunctionQuality:1]]
[2024.07.28-06.06.23:882][  0]LogConfig: Setting CVar [[r.ShadowQuality:5]]
[2024.07.28-06.06.23:882][  0]LogConfig: Setting CVar [[r.Shadow.CSM.MaxCascades:10]]
[2024.07.28-06.06.23:882][  0]LogConfig: Setting CVar [[r.Shadow.MaxResolution:2048]]
[2024.07.28-06.06.23:882][  0]LogConfig: Setting CVar [[r.Shadow.MaxCSMResolution:2048]]
[2024.07.28-06.06.23:882][  0]LogConfig: Setting CVar [[r.Shadow.RadiusThreshold:0.01]]
[2024.07.28-06.06.23:882][  0]LogConfig: Setting CVar [[r.Shadow.DistanceScale:1.0]]
[2024.07.28-06.06.23:882][  0]LogConfig: Setting CVar [[r.Shadow.CSM.TransitionScale:1.0]]
[2024.07.28-06.06.23:882][  0]LogConfig: Setting CVar [[r.Shadow.PreShadowResolutionFactor:1.0]]
[2024.07.28-06.06.23:882][  0]LogConfig: Setting CVar [[r.DistanceFieldShadowing:1]]
[2024.07.28-06.06.23:882][  0]LogConfig: Setting CVar [[r.DistanceFieldAO:1]]
[2024.07.28-06.06.23:882][  0]LogConfig: Setting CVar [[r.AOQuality:2]]
[2024.07.28-06.06.23:882][  0]LogConfig: Setting CVar [[r.VolumetricFog:1]]
[2024.07.28-06.06.23:882][  0]LogConfig: Setting CVar [[r.VolumetricFog.GridPixelSize:8]]
[2024.07.28-06.06.23:882][  0]LogConfig: Setting CVar [[r.VolumetricFog.GridSizeZ:128]]
[2024.07.28-06.06.23:882][  0]LogConfig: Setting CVar [[r.VolumetricFog.HistoryMissSupersampleCount:4]]
[2024.07.28-06.06.23:882][  0]LogConfig: Setting CVar [[r.LightMaxDrawDistanceScale:1]]
[2024.07.28-06.06.23:882][  0]LogConfig: Setting CVar [[r.CapsuleShadows:1]]
[2024.07.28-06.06.23:882][  0]LogConfig: Applying CVar settings from Section [PostProcessQuality@3] File [C:/Users/User/Documents/Unreal Projects/Game/Saved/Config/Windows/Scalability.ini]
[2024.07.28-06.06.23:882][  0]LogConfig: Setting CVar [[r.MotionBlurQuality:4]]
[2024.07.28-06.06.23:882][  0]LogConfig: Setting CVar [[r.AmbientOcclusionMipLevelFactor:0.4]]
[2024.07.28-06.06.23:882][  0]LogConfig: Setting CVar [[r.AmbientOcclusionMaxQuality:100]]
[2024.07.28-06.06.23:882][  0]LogConfig: Setting CVar [[r.AmbientOcclusionLevels:-1]]
[2024.07.28-06.06.23:882][  0]LogConfig: Setting CVar [[r.AmbientOcclusionRadiusScale:1.0]]
[2024.07.28-06.06.23:882][  0]LogConfig: Setting CVar [[r.DepthOfFieldQuality:2]]
[2024.07.28-06.06.23:882][  0]LogConfig: Setting CVar [[r.RenderTargetPoolMin:400]]
[2024.07.28-06.06.23:882][  0]LogConfig: Setting CVar [[r.LensFlareQuality:2]]
[2024.07.28-06.06.23:882][  0]LogConfig: Setting CVar [[r.SceneColorFringeQuality:1]]
[2024.07.28-06.06.23:882][  0]LogConfig: Setting CVar [[r.EyeAdaptationQuality:2]]
[2024.07.28-06.06.23:882][  0]LogConfig: Setting CVar [[r.BloomQuality:5]]
[2024.07.28-06.06.23:882][  0]LogConfig: Setting CVar [[r.FastBlurThreshold:100]]
[2024.07.28-06.06.23:882][  0]LogConfig: Setting CVar [[r.Upscale.Quality:3]]
[2024.07.28-06.06.23:882][  0]LogConfig: Setting CVar [[r.Tonemapper.GrainQuantization:1]]
[2024.07.28-06.06.23:882][  0]LogConfig: Setting CVar [[r.LightShaftQuality:1]]
[2024.07.28-06.06.23:882][  0]LogConfig: Setting CVar [[r.Filter.SizeScale:1]]
[2024.07.28-06.06.23:882][  0]LogConfig: Setting CVar [[r.Tonemapper.Quality:5]]
[2024.07.28-06.06.23:882][  0]LogConfig: Setting CVar [[r.DOF.Gather.AccumulatorQuality:1        ; higher gathering accumulator quality]]
[2024.07.28-06.06.23:882][  0]LogConfig: Setting CVar [[r.DOF.Gather.PostfilterMethod:1          ; Median3x3 postfilering method]]
[2024.07.28-06.06.23:882][  0]LogConfig: Setting CVar [[r.DOF.Gather.EnableBokehSettings:0       ; no bokeh simulation when gathering]]
[2024.07.28-06.06.23:882][  0]LogConfig: Setting CVar [[r.DOF.Gather.RingCount:4                 ; medium number of samples when gathering]]
[2024.07.28-06.06.23:882][  0]LogConfig: Setting CVar [[r.DOF.Scatter.ForegroundCompositing:1    ; additive foreground scattering]]
[2024.07.28-06.06.23:882][  0]LogConfig: Setting CVar [[r.DOF.Scatter.BackgroundCompositing:2    ; additive background scattering]]
[2024.07.28-06.06.23:882][  0]LogConfig: Setting CVar [[r.DOF.Scatter.EnableBokehSettings:1      ; bokeh simulation when scattering]]
[2024.07.28-06.06.23:882][  0]LogConfig: Setting CVar [[r.DOF.Scatter.MaxSpriteRatio:0.1         ; only a maximum of 10% of scattered bokeh]]
[2024.07.28-06.06.23:882][  0]LogConfig: Setting CVar [[r.DOF.Recombine.Quality:1                ; cheap slight out of focus]]
[2024.07.28-06.06.23:882][  0]LogConfig: Setting CVar [[r.DOF.Recombine.EnableBokehSettings:0    ; no bokeh simulation on slight out of focus]]
[2024.07.28-06.06.23:882][  0]LogConfig: Setting CVar [[r.DOF.TemporalAAQuality:1                ; more stable temporal accumulation]]
[2024.07.28-06.06.23:882][  0]LogConfig: Setting CVar [[r.DOF.Kernel.MaxForegroundRadius:0.025]]
[2024.07.28-06.06.23:882][  0]LogConfig: Setting CVar [[r.DOF.Kernel.MaxBackgroundRadius:0.025]]
[2024.07.28-06.06.23:882][  0]LogConfig: Applying CVar settings from Section [TextureQuality@3] File [C:/Users/User/Documents/Unreal Projects/Game/Saved/Config/Windows/Scalability.ini]
[2024.07.28-06.06.23:882][  0]LogConfig: Setting CVar [[r.Streaming.MipBias:0]]
[2024.07.28-06.06.23:882][  0]LogConfig: Setting CVar [[r.Streaming.AmortizeCPUToGPUCopy:0]]
[2024.07.28-06.06.23:882][  0]LogConfig: Setting CVar [[r.Streaming.MaxNumTexturesToStreamPerFrame:0]]
[2024.07.28-06.06.23:882][  0]LogConfig: Setting CVar [[r.Streaming.Boost:1]]
[2024.07.28-06.06.23:882][  0]LogConfig: Setting CVar [[r.MaxAnisotropy:8]]
[2024.07.28-06.06.23:882][  0]LogConfig: Setting CVar [[r.VT.MaxAnisotropy:8]]
[2024.07.28-06.06.23:882][  0]LogConfig: Setting CVar [[r.Streaming.LimitPoolSizeToVRAM:0]]
[2024.07.28-06.06.23:882][  0]LogConfig: Setting CVar [[r.Streaming.PoolSize:1000]]
[2024.07.28-06.06.23:882][  0]LogConfig: Setting CVar [[r.Streaming.MaxEffectiveScreenSize:0]]
[2024.07.28-06.06.23:882][  0]LogConfig: Applying CVar settings from Section [EffectsQuality@3] File [C:/Users/User/Documents/Unreal Projects/Game/Saved/Config/Windows/Scalability.ini]
[2024.07.28-06.06.23:882][  0]LogConfig: Setting CVar [[r.TranslucencyLightingVolumeDim:64]]
[2024.07.28-06.06.23:882][  0]LogConfig: Setting CVar [[r.RefractionQuality:2]]
[2024.07.28-06.06.23:882][  0]LogConfig: Setting CVar [[r.SSR.Quality:3]]
[2024.07.28-06.06.23:882][  0]LogConfig: Setting CVar [[r.SSR.HalfResSceneColor:0]]
[2024.07.28-06.06.23:882][  0]LogConfig: Setting CVar [[r.SceneColorFormat:4]]
[2024.07.28-06.06.23:882][  0]LogConfig: Setting CVar [[r.DetailMode:2]]
[2024.07.28-06.06.23:882][  0]LogConfig: Setting CVar [[r.TranslucencyVolumeBlur:1]]
[2024.07.28-06.06.23:882][  0]LogConfig: Setting CVar [[r.MaterialQualityLevel:1 ; High quality]]
[2024.07.28-06.06.23:882][  0]LogConfig: Setting CVar [[r.AnisotropicMaterials:1]]
[2024.07.28-06.06.23:882][  0]LogConfig: Setting CVar [[r.SSS.Scale:1]]
[2024.07.28-06.06.23:882][  0]LogConfig: Setting CVar [[r.SSS.SampleSet:2]]
[2024.07.28-06.06.23:882][  0]LogConfig: Setting CVar [[r.SSS.Quality:1]]
[2024.07.28-06.06.23:882][  0]LogConfig: Setting CVar [[r.SSS.HalfRes:0]]
[2024.07.28-06.06.23:882][  0]LogConfig: Setting CVar [[r.SSGI.Quality:3]]
[2024.07.28-06.06.23:882][  0]LogConfig: Setting CVar [[r.EmitterSpawnRateScale:1.0]]
[2024.07.28-06.06.23:882][  0]LogConfig: Setting CVar [[r.ParticleLightQuality:2]]
[2024.07.28-06.06.23:882][  0]LogConfig: Setting CVar [[r.SkyAtmosphere.AerialPerspectiveLUT.FastApplyOnOpaque:1 ; Always have FastSkyLUT 1 in this case to avoid wrong sky]]
[2024.07.28-06.06.23:882][  0]LogConfig: Setting CVar [[r.SkyAtmosphere.AerialPerspectiveLUT.SampleCountMaxPerSlice:4]]
[2024.07.28-06.06.23:882][  0]LogConfig: Setting CVar [[r.SkyAtmosphere.AerialPerspectiveLUT.DepthResolution:16.0]]
[2024.07.28-06.06.23:882][  0]LogConfig: Setting CVar [[r.SkyAtmosphere.FastSkyLUT:1]]
[2024.07.28-06.06.23:883][  0]LogConfig: Setting CVar [[r.SkyAtmosphere.FastSkyLUT.SampleCountMin:4.0]]
[2024.07.28-06.06.23:883][  0]LogConfig: Setting CVar [[r.SkyAtmosphere.FastSkyLUT.SampleCountMax:128.0]]
[2024.07.28-06.06.23:883][  0]LogConfig: Setting CVar [[r.SkyAtmosphere.SampleCountMin:4.0]]
[2024.07.28-06.06.23:883][  0]LogConfig: Setting CVar [[r.SkyAtmosphere.SampleCountMax:128.0]]
[2024.07.28-06.06.23:883][  0]LogConfig: Setting CVar [[r.SkyAtmosphere.TransmittanceLUT.UseSmallFormat:0]]
[2024.07.28-06.06.23:883][  0]LogConfig: Setting CVar [[r.SkyAtmosphere.TransmittanceLUT.SampleCount:10.0]]
[2024.07.28-06.06.23:883][  0]LogConfig: Setting CVar [[r.SkyAtmosphere.MultiScatteringLUT.SampleCount:15.0]]
[2024.07.28-06.06.23:883][  0]LogConfig: Setting CVar [[r.SkyLight.RealTimeReflectionCapture:1]]
[2024.07.28-06.06.23:883][  0]LogConfig: Applying CVar settings from Section [FoliageQuality@3] File [C:/Users/User/Documents/Unreal Projects/Game/Saved/Config/Windows/Scalability.ini]
[2024.07.28-06.06.23:883][  0]LogConfig: Setting CVar [[foliage.DensityScale:1.0]]
[2024.07.28-06.06.23:883][  0]LogConfig: Setting CVar [[grass.DensityScale:1.0]]
[2024.07.28-06.06.23:883][  0]LogConfig: Applying CVar settings from Section [ShadingQuality@3] File [C:/Users/User/Documents/Unreal Projects/Game/Saved/Config/Windows/Scalability.ini]
[2024.07.28-06.06.23:883][  0]LogConfig: Setting CVar [[r.HairStrands.SkyLighting.IntegrationType:2]]
[2024.07.28-06.06.23:883][  0]LogConfig: Setting CVar [[r.HairStrands.SkyAO.SampleCount:4]]
[2024.07.28-06.06.23:883][  0]LogConfig: Setting CVar [[r.HairStrands.Visibility.MSAA.SamplePerPixel:4]]
[2024.07.28-06.06.23:894][  0]LogInit: Selected Device Profile: [Windows]
[2024.07.28-06.06.23:903][  0]LogInit: Applying CVar settings loaded from the selected device profile: [Windows]
[2024.07.28-06.06.23:912][  0]LogHAL: Display: Platform has ~ 8 GB [8518807552 / 8589934592 / 8], which maps to Default [LargestMinGB=32, LargerMinGB=12, DefaultMinGB=8, SmallerMinGB=6, SmallestMinGB=0)
[2024.07.28-06.06.23:915][  0]LogInit: Going up to parent DeviceProfile []
[2024.07.28-06.06.23:921][  0]LogConfig: Applying CVar settings from Section [ViewDistanceQuality@0] File [C:/Users/User/Documents/Unreal Projects/Game/Saved/Config/Windows/Scalability.ini]
[2024.07.28-06.06.23:921][  0]LogConfig: Setting CVar [[r.SkeletalMeshLODBias:2]]
[2024.07.28-06.06.23:921][  0]LogConfig: Setting CVar [[r.ViewDistanceScale:0.4]]
[2024.07.28-06.06.23:921][  0]LogConfig: Applying CVar settings from Section [AntiAliasingQuality@0] File [C:/Users/User/Documents/Unreal Projects/Game/Saved/Config/Windows/Scalability.ini]
[2024.07.28-06.06.23:921][  0]LogConfig: Setting CVar [[r.PostProcessAAQuality:0]]
[2024.07.28-06.06.23:921][  0]LogConfig: Applying CVar settings from Section [ShadowQuality@0] File [C:/Users/User/Documents/Unreal Projects/Game/Saved/Config/Windows/Scalability.ini]
[2024.07.28-06.06.23:921][  0]LogConfig: Setting CVar [[r.LightFunctionQuality:0]]
[2024.07.28-06.06.23:921][  0]LogConfig: Setting CVar [[r.ShadowQuality:0]]
[2024.07.28-06.06.23:921][  0]LogConfig: Setting CVar [[r.Shadow.CSM.MaxCascades:1]]
[2024.07.28-06.06.23:921][  0]LogConfig: Setting CVar [[r.Shadow.MaxResolution:512]]
[2024.07.28-06.06.23:921][  0]LogConfig: Setting CVar [[r.Shadow.MaxCSMResolution:512]]
[2024.07.28-06.06.23:921][  0]LogConfig: Setting CVar [[r.Shadow.RadiusThreshold:0.06]]
[2024.07.28-06.06.23:921][  0]LogConfig: Setting CVar [[r.Shadow.DistanceScale:0.6]]
[2024.07.28-06.06.23:921][  0]LogConfig: Setting CVar [[r.Shadow.CSM.TransitionScale:0]]
[2024.07.28-06.06.23:921][  0]LogConfig: Setting CVar [[r.Shadow.PreShadowResolutionFactor:0.5]]
[2024.07.28-06.06.23:921][  0]LogConfig: Setting CVar [[r.DistanceFieldShadowing:0]]
[2024.07.28-06.06.23:921][  0]LogConfig: Setting CVar [[r.DistanceFieldAO:0]]
[2024.07.28-06.06.23:921][  0]LogConfig: Setting CVar [[r.VolumetricFog:0]]
[2024.07.28-06.06.23:921][  0]LogConfig: Setting CVar [[r.LightMaxDrawDistanceScale:0]]
[2024.07.28-06.06.23:921][  0]LogConfig: Setting CVar [[r.CapsuleShadows:0]]
[2024.07.28-06.06.23:921][  0]LogConfig: Applying CVar settings from Section [PostProcessQuality@0] File [C:/Users/User/Documents/Unreal Projects/Game/Saved/Config/Windows/Scalability.ini]
[2024.07.28-06.06.23:921][  0]LogConfig: Setting CVar [[r.MotionBlurQuality:0]]
[2024.07.28-06.06.23:921][  0]LogConfig: Setting CVar [[r.AmbientOcclusionMipLevelFactor:1.0]]
[2024.07.28-06.06.23:921][  0]LogConfig: Setting CVar [[r.AmbientOcclusionMaxQuality:0]]
[2024.07.28-06.06.23:921][  0]LogConfig: Setting CVar [[r.AmbientOcclusionLevels:0]]
[2024.07.28-06.06.23:921][  0]LogConfig: Setting CVar [[r.AmbientOcclusionRadiusScale:1.2]]
[2024.07.28-06.06.23:921][  0]LogConfig: Setting CVar [[r.DepthOfFieldQuality:0]]
[2024.07.28-06.06.23:921][  0]LogConfig: Setting CVar [[r.RenderTargetPoolMin:300]]
[2024.07.28-06.06.23:921][  0]LogConfig: Setting CVar [[r.LensFlareQuality:0]]
[2024.07.28-06.06.23:921][  0]LogConfig: Setting CVar [[r.SceneColorFringeQuality:0]]
[2024.07.28-06.06.23:921][  0]LogConfig: Setting CVar [[r.EyeAdaptationQuality:2]]
[2024.07.28-06.06.23:921][  0]LogConfig: Setting CVar [[r.BloomQuality:4]]
[2024.07.28-06.06.23:921][  0]LogConfig: Setting CVar [[r.FastBlurThreshold:0]]
[2024.07.28-06.06.23:921][  0]LogConfig: Setting CVar [[r.Upscale.Quality:1]]
[2024.07.28-06.06.23:921][  0]LogConfig: Setting CVar [[r.Tonemapper.GrainQuantization:0]]
[2024.07.28-06.06.23:921][  0]LogConfig: Setting CVar [[r.LightShaftQuality:0]]
[2024.07.28-06.06.23:921][  0]LogConfig: Setting CVar [[r.Filter.SizeScale:0.6]]
[2024.07.28-06.06.23:921][  0]LogConfig: Setting CVar [[r.Tonemapper.Quality:0]]
[2024.07.28-06.06.23:921][  0]LogConfig: Applying CVar settings from Section [TextureQuality@0] File [C:/Users/User/Documents/Unreal Projects/Game/Saved/Config/Windows/Scalability.ini]
[2024.07.28-06.06.23:921][  0]LogConfig: Setting CVar [[r.Streaming.MipBias:16]]
[2024.07.28-06.06.23:921][  0]LogConfig: Setting CVar [[r.Streaming.AmortizeCPUToGPUCopy:1]]
[2024.07.28-06.06.23:921][  0]LogConfig: Setting CVar [[r.Streaming.MaxNumTexturesToStreamPerFrame:1]]
[2024.07.28-06.06.23:921][  0]LogConfig: Setting CVar [[r.Streaming.Boost:0.3]]
[2024.07.28-06.06.23:921][  0]LogConfig: Setting CVar [[r.MaxAnisotropy:0]]
[2024.07.28-06.06.23:921][  0]LogConfig: Setting CVar [[r.VT.MaxAnisotropy:4]]
[2024.07.28-06.06.23:921][  0]LogConfig: Setting CVar [[r.Streaming.LimitPoolSizeToVRAM:1]]
[2024.07.28-06.06.23:921][  0]LogConfig: Setting CVar [[r.Streaming.PoolSize:400]]
[2024.07.28-06.06.23:921][  0]LogConfig: Setting CVar [[r.Streaming.MaxEffectiveScreenSize:0]]
[2024.07.28-06.06.23:921][  0]LogConfig: Applying CVar settings from Section [EffectsQuality@0] File [C:/Users/User/Documents/Unreal Projects/Game/Saved/Config/Windows/Scalability.ini]
[2024.07.28-06.06.23:921][  0]LogConfig: Setting CVar [[r.TranslucencyLightingVolumeDim:24]]
[2024.07.28-06.06.23:921][  0]LogConfig: Setting CVar [[r.RefractionQuality:0]]
[2024.07.28-06.06.23:921][  0]LogConfig: Setting CVar [[r.SSR.Quality:0]]
[2024.07.28-06.06.23:921][  0]LogConfig: Setting CVar [[r.SSR.HalfResSceneColor:1]]
[2024.07.28-06.06.23:921][  0]LogConfig: Setting CVar [[r.SceneColorFormat:3]]
[2024.07.28-06.06.23:921][  0]LogConfig: Setting CVar [[r.DetailMode:0]]
[2024.07.28-06.06.23:921][  0]LogConfig: Setting CVar [[r.TranslucencyVolumeBlur:0]]
[2024.07.28-06.06.23:921][  0]LogConfig: Setting CVar [[r.MaterialQualityLevel:0 ; Low quality]]
[2024.07.28-06.06.23:921][  0]LogConfig: Setting CVar [[r.AnisotropicMaterials:0]]
[2024.07.28-06.06.23:921][  0]LogConfig: Setting CVar [[r.SSS.Scale:0]]
[2024.07.28-06.06.23:921][  0]LogConfig: Setting CVar [[r.SSS.SampleSet:0]]
[2024.07.28-06.06.23:921][  0]LogConfig: Setting CVar [[r.SSS.Quality:0]]
[2024.07.28-06.06.23:921][  0]LogConfig: Setting CVar [[r.SSS.HalfRes:1]]
[2024.07.28-06.06.23:921][  0]LogConfig: Setting CVar [[r.SSGI.Quality:0]]
[2024.07.28-06.06.23:921][  0]LogConfig: Setting CVar [[r.EmitterSpawnRateScale:0.125]]
[2024.07.28-06.06.23:921][  0]LogConfig: Setting CVar [[r.ParticleLightQuality:0]]
[2024.07.28-06.06.23:921][  0]LogConfig: Setting CVar [[r.SkyAtmosphere.AerialPerspectiveLUT.FastApplyOnOpaque:1 ; Always have FastSkyLUT 1 in this case to avoid wrong sky]]
[2024.07.28-06.06.23:921][  0]LogConfig: Setting CVar [[r.SkyAtmosphere.AerialPerspectiveLUT.SampleCountMaxPerSlice:1]]
[2024.07.28-06.06.23:921][  0]LogConfig: Setting CVar [[r.SkyAtmosphere.AerialPerspectiveLUT.DepthResolution:8.0]]
[2024.07.28-06.06.23:921][  0]LogConfig: Setting CVar [[r.SkyAtmosphere.FastSkyLUT:1]]
[2024.07.28-06.06.23:922][  0]LogConfig: Setting CVar [[r.SkyAtmosphere.FastSkyLUT.SampleCountMin:2.0]]
[2024.07.28-06.06.23:922][  0]LogConfig: Setting CVar [[r.SkyAtmosphere.FastSkyLUT.SampleCountMax:16.0]]
[2024.07.28-06.06.23:922][  0]LogConfig: Setting CVar [[r.SkyAtmosphere.SampleCountMin:2.0]]
[2024.07.28-06.06.23:922][  0]LogConfig: Setting CVar [[r.SkyAtmosphere.SampleCountMax:16.0]]
[2024.07.28-06.06.23:922][  0]LogConfig: Setting CVar [[r.SkyAtmosphere.TransmittanceLUT.UseSmallFormat:1]]
[2024.07.28-06.06.23:922][  0]LogConfig: Setting CVar [[r.SkyAtmosphere.TransmittanceLUT.SampleCount:10.0]]
[2024.07.28-06.06.23:922][  0]LogConfig: Setting CVar [[r.SkyAtmosphere.MultiScatteringLUT.SampleCount:15.0]]
[2024.07.28-06.06.23:922][  0]LogConfig: Setting CVar [[r.SkyLight.RealTimeReflectionCapture:0]]
[2024.07.28-06.06.23:922][  0]LogConfig: Applying CVar settings from Section [FoliageQuality@0] File [C:/Users/User/Documents/Unreal Projects/Game/Saved/Config/Windows/Scalability.ini]
[2024.07.28-06.06.23:922][  0]LogConfig: Setting CVar [[foliage.DensityScale:0]]
[2024.07.28-06.06.23:922][  0]LogConfig: Setting CVar [[grass.DensityScale:0]]
[2024.07.28-06.06.23:922][  0]LogConfig: Applying CVar settings from Section [ShadingQuality@0] File [C:/Users/User/Documents/Unreal Projects/Game/Saved/Config/Windows/Scalability.ini]
[2024.07.28-06.06.23:922][  0]LogConfig: Setting CVar [[r.HairStrands.SkyLighting.IntegrationType:2]]
[2024.07.28-06.06.23:922][  0]LogConfig: Setting CVar [[r.HairStrands.SkyAO.SampleCount:4]]
[2024.07.28-06.06.23:922][  0]LogConfig: Setting CVar [[r.HairStrands.Visibility.MSAA.SamplePerPixel:1]]
[2024.07.28-06.06.23:922][  0]LogConfig: Applying CVar settings from Section [Startup] File [../../../Engine/Config/ConsoleVariables.ini]
[2024.07.28-06.06.23:930][  0]LogConfig: Setting CVar [[net.UseAdaptiveNetUpdateFrequency:0]]
[2024.07.28-06.06.23:930][  0]LogConfig: Setting CVar [[p.chaos.AllowCreatePhysxBodies:1]]
[2024.07.28-06.06.23:930][  0]LogConfig: Setting CVar [[fx.SkipVectorVMBackendOptimizations:1]]
[2024.07.28-06.06.23:930][  0]LogConfig: Applying CVar settings from Section [ConsoleVariables] File [C:/Users/User/Documents/Unreal Projects/Game/Saved/Config/Windows/Engine.ini]
[2024.07.28-06.06.23:930][  0]LogConfig: Applying CVar settings from Section [ConsoleVariables] File [C:/Users/User/Documents/Unreal Projects/Game/Saved/Config/Windows/Editor.ini]
[2024.07.28-06.06.24:037][  0]LogInit: Computer: DESKTOP-94G5S4E
[2024.07.28-06.06.24:037][  0]LogInit: User: User
[2024.07.28-06.06.24:037][  0]LogInit: CPU Page size=4096, Cores=6
[2024.07.28-06.06.24:037][  0]LogInit: High frequency timer resolution =10.000000 MHz
[2024.07.28-06.06.24:037][  0]LogMemory: Memory total: Physical=7.9GB (8GB approx)
[2024.07.28-06.06.24:046][  0]LogMemory: Platform Memory Stats for Windows
[2024.07.28-06.06.24:046][  0]LogMemory: Process Physical Memory: 145.62 MB used, 145.63 MB peak
[2024.07.28-06.06.24:046][  0]LogMemory: Process Virtual Memory: 119.64 MB used, 119.64 MB peak
[2024.07.28-06.06.24:046][  0]LogMemory: Physical Memory: 4728.47 MB used,  3395.70 MB free, 8124.17 MB total
[2024.07.28-06.06.24:046][  0]LogMemory: Virtual Memory: 134202720.00 MB used,  15008.92 MB free, 134217728.00 MB total
[2024.07.28-06.06.24:062][  0]LogWindows: WindowsPlatformFeatures enabled
[2024.07.28-06.06.25:054][  0]LogInit: Physics initialised using underlying interface: PhysX
[2024.07.28-06.06.25:106][  0]LogInit: Using OS detected language (en-US).
[2024.07.28-06.06.25:106][  0]LogInit: Using OS detected locale (en-US).
[2024.07.28-06.06.25:151][  0]LogTextLocalizationManager: No specific localization for 'en-US' exists, so the 'en' localization will be used.
[2024.07.28-06.06.25:817][  0]LogInit: Setting process to per monitor DPI aware
[2024.07.28-06.06.26:008][  0]LogWindowsTextInputMethodSystem: Display: IME system deactivated.
[2024.07.28-06.06.26:395][  0]LogSlate: New Slate User Created.  User Index 0, Is Virtual User: 0
[2024.07.28-06.06.26:395][  0]LogSlate: Slate User Registered.  User Index 0, Is Virtual User: 0
[2024.07.28-06.06.27:042][  0]LogD3D11RHI: Loaded GFSDK_Aftermath_Lib.x64.dll
[2024.07.28-06.06.27:110][  0]LogHMD: Failed to enumerate extensions. Please check that you have a valid OpenXR runtime installed.
[2024.07.28-06.06.27:110][  0]LogD3D11RHI: D3D11 min allowed feature level: 11_0
[2024.07.28-06.06.27:110][  0]LogD3D11RHI: D3D11 max allowed feature level: 11_0
[2024.07.28-06.06.27:110][  0]LogD3D11RHI: D3D11 adapters:
[2024.07.28-06.06.27:279][  0]LogD3D11RHI:    0. 'NVIDIA GeForce GTX 1650 SUPER' (Feature Level 11_0)
[2024.07.28-06.06.27:279][  0]LogD3D11RHI:       3930/0/4062 MB DedicatedVideo/DedicatedSystem/SharedSystem, Outputs:2, VendorId:0x10de
[2024.07.28-06.06.27:283][  0]LogD3D11RHI:    1. 'Microsoft Basic Render Driver' (Feature Level 11_0)
[2024.07.28-06.06.27:283][  0]LogD3D11RHI:       0/0/4062 MB DedicatedVideo/DedicatedSystem/SharedSystem, Outputs:0, VendorId:0x1414
[2024.07.28-06.06.27:402][  0]LogD3D11RHI:    2. 'NVIDIA GeForce GTX 1650 SUPER' (Feature Level 11_0)
[2024.07.28-06.06.27:402][  0]LogD3D11RHI:       3930/0/4062 MB DedicatedVideo/DedicatedSystem/SharedSystem, Outputs:0, VendorId:0x10de
[2024.07.28-06.06.27:402][  0]LogD3D11RHI: Chosen D3D11 Adapter:
[2024.07.28-06.06.27:402][  0]LogD3D11RHI:     Description : NVIDIA GeForce GTX 1650 SUPER
[2024.07.28-06.06.27:402][  0]LogD3D11RHI:     VendorId    : 10de
[2024.07.28-06.06.27:402][  0]LogD3D11RHI:     DeviceId    : 2187
[2024.07.28-06.06.27:402][  0]LogD3D11RHI:     SubSysId    : 87691043
[2024.07.28-06.06.27:402][  0]LogD3D11RHI:     Revision    : 00a1
[2024.07.28-06.06.27:402][  0]LogD3D11RHI:     DedicatedVideoMemory : 4120903680 bytes
[2024.07.28-06.06.27:402][  0]LogD3D11RHI:     DedicatedSystemMemory : 0 bytes
[2024.07.28-06.06.27:402][  0]LogD3D11RHI:     SharedSystemMemory : 4259403776 bytes
[2024.07.28-06.06.27:402][  0]LogD3D11RHI:     AdapterLuid : 0 48551
[2024.07.28-06.06.27:419][  0]LogD3D11RHI: Creating new Direct3DDevice
[2024.07.28-06.06.27:419][  0]LogD3D11RHI:     GPU DeviceId: 0x2187 (for the marketing name, search the web for "GPU Device Id")
[2024.07.28-06.06.27:419][  0]LogWindows: EnumDisplayDevices:
[2024.07.28-06.06.27:419][  0]LogWindows:    0. 'NVIDIA GeForce GTX 1650 SUPER' (P:1 D:1)
[2024.07.28-06.06.27:420][  0]LogWindows:    1. 'NVIDIA GeForce GTX 1650 SUPER' (P:0 D:1)
[2024.07.28-06.06.27:420][  0]LogWindows:    2. 'NVIDIA GeForce GTX 1650 SUPER' (P:0 D:0)
[2024.07.28-06.06.27:420][  0]LogWindows:    3. 'NVIDIA GeForce GTX 1650 SUPER' (P:0 D:0)
[2024.07.28-06.06.27:420][  0]LogWindows:    4. 'Parsec Virtual Display Adapter' (P:0 D:0)
[2024.07.28-06.06.27:421][  0]LogWindows:    5. 'Parsec Virtual Display Adapter' (P:0 D:0)
[2024.07.28-06.06.27:421][  0]LogWindows:    6. 'Parsec Virtual Display Adapter' (P:0 D:0)
[2024.07.28-06.06.27:421][  0]LogWindows:    7. 'Parsec Virtual Display Adapter' (P:0 D:0)
[2024.07.28-06.06.27:421][  0]LogWindows:    8. 'Parsec Virtual Display Adapter' (P:0 D:0)
[2024.07.28-06.06.27:422][  0]LogWindows:    9. 'Parsec Virtual Display Adapter' (P:0 D:0)
[2024.07.28-06.06.27:422][  0]LogWindows:    10. 'Parsec Virtual Display Adapter' (P:0 D:0)
[2024.07.28-06.06.27:422][  0]LogWindows:    11. 'Parsec Virtual Display Adapter' (P:0 D:0)
[2024.07.28-06.06.27:422][  0]LogWindows:    12. 'Parsec Virtual Display Adapter' (P:0 D:0)
[2024.07.28-06.06.27:423][  0]LogWindows:    13. 'Parsec Virtual Display Adapter' (P:0 D:0)
[2024.07.28-06.06.27:423][  0]LogWindows:    14. 'Parsec Virtual Display Adapter' (P:0 D:0)
[2024.07.28-06.06.27:423][  0]LogWindows:    15. 'Parsec Virtual Display Adapter' (P:0 D:0)
[2024.07.28-06.06.27:423][  0]LogWindows:    16. 'Parsec Virtual Display Adapter' (P:0 D:0)
[2024.07.28-06.06.27:424][  0]LogWindows:    17. 'Parsec Virtual Display Adapter' (P:0 D:0)
[2024.07.28-06.06.27:424][  0]LogWindows:    18. 'Parsec Virtual Display Adapter' (P:0 D:0)
[2024.07.28-06.06.27:424][  0]LogWindows:    19. 'Parsec Virtual Display Adapter' (P:0 D:0)
[2024.07.28-06.06.27:424][  0]LogWindows: DebugString: GetVideoDriverDetailsInvalid PrimaryIsNotTheChoosenAdapter GetVideoDriverDetailsInvalid PrimaryIsNotTheChoosenAdapter GetVideoDriverDetailsInvalid PrimaryIsNotTheChoosenAdapter GetVideoDriverDetailsInvalid PrimaryIsNotTheChoosenAdapter GetVideoDriverDetailsInvalid PrimaryIsNotTheChoosenAdapter GetVideoDriverDetailsInvalid PrimaryIsNotTheChoosenAdapter GetVideoDriverDetailsInvalid PrimaryIsNotTheChoosenAdapter GetVideoDriverDetailsInvalid PrimaryIsNotTheChoosenAdapter GetVideoDriverDetailsInvalid PrimaryIsNotTheChoosenAdapter GetVideoDriverDetailsInvalid PrimaryIsNotTheChoosenAdapter GetVideoDriverDetailsInvalid PrimaryIsNotTheChoosenAdapter GetVideoDriverDetailsInvalid PrimaryIsNotTheChoosenAdapter GetVideoDriverDetailsInvalid PrimaryIsNotTheChoosenAdapter GetVideoDriverDetailsInvalid PrimaryIsNotTheChoosenAdapter GetVideoDriverDetailsInvalid PrimaryIsNotTheChoosenAdapter GetVideoDriverDetailsInvalid PrimaryIsNotTheChoosenAdapter FoundDriverCount:4 
[2024.07.28-06.06.27:424][  0]LogD3D11RHI:     Adapter Name: NVIDIA GeForce GTX 1650 SUPER
[2024.07.28-06.06.27:425][  0]LogD3D11RHI:   Driver Version: 551.86 (internal:31.0.15.5186, unified:551.86)
[2024.07.28-06.06.27:425][  0]LogD3D11RHI:      Driver Date: 3-12-2024
[2024.07.28-06.06.27:425][  0]LogRHI: Texture pool is 2751 MB (70% of 3930 MB)
[2024.07.28-06.06.27:425][  0]LogD3D11RHI: Creating D3DDevice using adapter:
[2024.07.28-06.06.27:425][  0]LogD3D11RHI:     Description : NVIDIA GeForce GTX 1650 SUPER
[2024.07.28-06.06.27:425][  0]LogD3D11RHI:     VendorId    : 10de
[2024.07.28-06.06.27:425][  0]LogD3D11RHI:     DeviceId    : 2187
[2024.07.28-06.06.27:425][  0]LogD3D11RHI:     SubSysId    : 87691043
[2024.07.28-06.06.27:425][  0]LogD3D11RHI:     Revision    : 00a1
[2024.07.28-06.06.27:425][  0]LogD3D11RHI:     DedicatedVideoMemory : 4120903680 bytes
[2024.07.28-06.06.27:425][  0]LogD3D11RHI:     DedicatedSystemMemory : 0 bytes
[2024.07.28-06.06.27:425][  0]LogD3D11RHI:     SharedSystemMemory : 4259403776 bytes
[2024.07.28-06.06.27:425][  0]LogD3D11RHI:     AdapterLuid : 0 48551
[2024.07.28-06.06.27:554][  0]LogD3D11RHI: RHI has support for 64 bit atomics
[2024.07.28-06.06.27:559][  0]LogD3D11RHI: Async texture creation enabled
[2024.07.28-06.06.27:559][  0]LogD3D11RHI: Array index from any shader is supported
[2024.07.28-06.06.27:561][  0]LogD3D11RHI: HDR output is supported on display 0 (NvId: 0x80061081).
[2024.07.28-06.06.28:039][  0]LogD3D11RHI: GPU Timing Frequency: 1000.000000 (Debug: 2 1)
[2024.07.28-06.06.28:147][  0]LogRHI: GeForceNow SDK initialized: 1
[2024.07.28-06.06.28:787][  0]LogTargetPlatformManager: Display: Loaded TargetPlatform 'AllDesktop'
[2024.07.28-06.06.28:832][  0]LogTargetPlatformManager: Display: Loaded TargetPlatform 'Android'
[2024.07.28-06.06.28:832][  0]LogTargetPlatformManager: Display: Loaded TargetPlatform 'Android_ASTC'
[2024.07.28-06.06.28:832][  0]LogTargetPlatformManager: Display: Loaded TargetPlatform 'Android_DXT'
[2024.07.28-06.06.28:832][  0]LogTargetPlatformManager: Display: Loaded TargetPlatform 'Android_ETC2'
[2024.07.28-06.06.28:832][  0]LogTargetPlatformManager: Display: Loaded TargetPlatform 'AndroidClient'
[2024.07.28-06.06.28:832][  0]LogTargetPlatformManager: Display: Loaded TargetPlatform 'Android_ASTCClient'
[2024.07.28-06.06.28:832][  0]LogTargetPlatformManager: Display: Loaded TargetPlatform 'Android_DXTClient'
[2024.07.28-06.06.28:832][  0]LogTargetPlatformManager: Display: Loaded TargetPlatform 'Android_ETC2Client'
[2024.07.28-06.06.28:832][  0]LogTargetPlatformManager: Display: Loaded TargetPlatform 'Android_Multi'
[2024.07.28-06.06.28:832][  0]LogTargetPlatformManager: Display: Loaded TargetPlatform 'Android_MultiClient'
[2024.07.28-06.06.28:902][  0]LogTargetPlatformManager: Display: Loaded TargetPlatform 'IOSClient'
[2024.07.28-06.06.28:902][  0]LogTargetPlatformManager: Display: Loaded TargetPlatform 'IOS'
[2024.07.28-06.06.28:943][  0]LogTargetPlatformManager: Display: Loaded TargetPlatform 'Linux'
[2024.07.28-06.06.28:963][  0]LogTargetPlatformManager: Display: Loaded TargetPlatform 'LinuxNoEditor'
[2024.07.28-06.06.28:979][  0]LogTargetPlatformManager: Display: Loaded TargetPlatform 'LinuxClient'
[2024.07.28-06.06.28:985][  0]LogTargetPlatformManager: Display: Loaded TargetPlatform 'LinuxServer'
[2024.07.28-06.06.28:995][  0]LogTargetPlatformManager: Display: Loaded TargetPlatform 'LinuxAArch64NoEditor'
[2024.07.28-06.06.29:002][  0]LogTargetPlatformManager: Display: Loaded TargetPlatform 'LinuxAArch64Client'
[2024.07.28-06.06.29:007][  0]LogTargetPlatformManager: Display: Loaded TargetPlatform 'LinuxAArch64Server'
[2024.07.28-06.06.29:047][  0]LogTargetPlatformManager: Display: Loaded TargetPlatform 'Lumin'
[2024.07.28-06.06.29:047][  0]LogTargetPlatformManager: Display: Loaded TargetPlatform 'LuminClient'
[2024.07.28-06.06.29:064][  0]LogTargetPlatformManager: Display: Loaded TargetPlatform 'MacNoEditor'
[2024.07.28-06.06.29:074][  0]LogTargetPlatformManager: Display: Loaded TargetPlatform 'Mac'
[2024.07.28-06.06.29:083][  0]LogTargetPlatformManager: Display: Loaded TargetPlatform 'MacClient'
[2024.07.28-06.06.29:089][  0]LogTargetPlatformManager: Display: Loaded TargetPlatform 'MacServer'
[2024.07.28-06.06.29:111][  0]LogTargetPlatformManager: Display: Loaded TargetPlatform 'TVOSClient'
[2024.07.28-06.06.29:111][  0]LogTargetPlatformManager: Display: Loaded TargetPlatform 'TVOS'
[2024.07.28-06.06.29:166][  0]LogTargetPlatformManager: Display: Loaded TargetPlatform 'WindowsNoEditor'
[2024.07.28-06.06.29:187][  0]LogTargetPlatformManager: Display: Loaded TargetPlatform 'Windows'
[2024.07.28-06.06.29:200][  0]LogTargetPlatformManager: Display: Loaded TargetPlatform 'WindowsClient'
[2024.07.28-06.06.29:206][  0]LogTargetPlatformManager: Display: Loaded TargetPlatform 'WindowsServer'
[2024.07.28-06.06.29:206][  0]LogTargetPlatformManager: Display: Building Assets For Windows
[2024.07.28-06.06.29:352][  0]LogAudioDebug: Display: Lib vorbis DLL was dynamically loaded.
[2024.07.28-06.06.29:627][  0]LogTextureFormatOodle: Display: Oodle Texture 2.9.0 init RDO Off
[2024.07.28-06.06.30:315][  0]LogRendererCore: Ray tracing is disabled. Reason: r.RayTracing=0.
[2024.07.28-06.06.30:351][  0]LogShaderCompilers: Guid format shader working directory is 0 characters bigger than the processId version (C:/Users/User/Documents/Unreal Projects/Game/Intermediate/Shaders/WorkingDirectory/15608/).
[2024.07.28-06.06.30:351][  0]LogShaderCompilers: Cleaned the shader compiler working directory 'C:/Users/User/AppData/Local/Temp/UnrealShaderWorkingDir/2F6504954C9358C312F777835A7E09DC/'.
[2024.07.28-06.06.30:377][  0]LogXGEController: Cannot use XGE Controller as Incredibuild is not installed on this machine.
[2024.07.28-06.06.30:377][  0]LogShaderCompilers: Cannot use XGE Shader Compiler as Incredibuild is not installed on this machine.
[2024.07.28-06.06.30:377][  0]LogShaderCompilers: Display: Using Local Shader Compiler.
[2024.07.28-06.06.33:240][  0]LogDerivedDataCache: Display: Max Cache Size: 512 MB
[2024.07.28-06.06.33:499][  0]LogDerivedDataCache: Loaded boot cache 0.26s 94MB C:/Users/User/AppData/Local/UnrealEngine/4.27/DerivedDataCache/Boot.ddc.
[2024.07.28-06.06.33:499][  0]LogDerivedDataCache: Display: Loaded Boot cache: C:/Users/User/AppData/Local/UnrealEngine/4.27/DerivedDataCache/Boot.ddc
[2024.07.28-06.06.33:499][  0]LogDerivedDataCache: FDerivedDataBackendGraph:  Pak pak cache file C:/Users/User/Documents/Unreal Projects/Game/DerivedDataCache/DDC.ddp not found, will not use a pak cache.
[2024.07.28-06.06.33:499][  0]LogDerivedDataCache: Unable to find inner node Pak for hierarchical cache Hierarchy.
[2024.07.28-06.06.33:499][  0]LogDerivedDataCache: FDerivedDataBackendGraph:  CompressedPak pak cache file C:/Users/User/Documents/Unreal Projects/Game/DerivedDataCache/Compressed.ddp not found, will not use a pak cache.
[2024.07.28-06.06.33:499][  0]LogDerivedDataCache: Unable to find inner node CompressedPak for hierarchical cache Hierarchy.
[2024.07.28-06.06.33:558][  0]LogDerivedDataCache: Display: Pak cache opened for reading ../../../Engine/DerivedDataCache/Compressed.ddp.
[2024.07.28-06.06.33:558][  0]LogDerivedDataCache: FDerivedDataBackendGraph:  EnterprisePak pak cache file ../../../Enterprise/DerivedDataCache/Compressed.ddp not found, will not use a pak cache.
[2024.07.28-06.06.33:558][  0]LogDerivedDataCache: Unable to find inner node EnterprisePak for hierarchical cache Hierarchy.
[2024.07.28-06.06.33:640][  0]LogDerivedDataCache: Speed tests for C:/Users/User/AppData/Local/UnrealEngine/Common/DerivedDataCache took 0.08 seconds
[2024.07.28-06.06.33:640][  0]LogDerivedDataCache: Display: Performance to C:/Users/User/AppData/Local/UnrealEngine/Common/DerivedDataCache: Latency=0.20ms. RandomReadSpeed=13.19MBs, RandomWriteSpeed=111.37MBs. Assigned SpeedClass 'Local'
[2024.07.28-06.06.33:642][  0]LogDerivedDataCache: Using Local data cache path C:/Users/User/AppData/Local/UnrealEngine/Common/DerivedDataCache: Writable
[2024.07.28-06.06.33:642][  0]LogDerivedDataCache: Shared data cache path not found in *engine.ini, will not use an Shared cache.
[2024.07.28-06.06.33:642][  0]LogDerivedDataCache: Unable to find inner node Shared for hierarchical cache Hierarchy.
[2024.07.28-06.06.33:810][  0]LogSlate: Using FreeType 2.10.0
[2024.07.28-06.06.33:933][  0]LogSlate: SlateFontServices - WITH_FREETYPE: 1, WITH_HARFBUZZ: 1
[2024.07.28-06.06.33:934][  0]LogHMD: Failed to enumerate extensions. Please check that you have a valid OpenXR runtime installed.
[2024.07.28-06.06.34:765][  0]LogAssetRegistry: FAssetRegistry took 0.0076 seconds to start up
[2024.07.28-06.06.44:904][  0]LogInit: Selected Device Profile: [Windows]
[2024.07.28-06.06.44:904][  0]LogInit: Active device profile: [00000145AC24CB00][00000145A9EE8D80 49] Windows
[2024.07.28-06.06.44:905][  0]LogInit: Profiles: [00000145AC24CB00][00000145A9EE8D80 49] Windows, [00000145AC21A200][00000145AB0E4F00 49] WindowsNoEditor, [00000145AC24D900][00000145AB0E9080 49] WindowsServer, [00000145AC21AF00][00000145AB0ED200 49] WindowsClient, [00000145AC24FC00][00000145AB3A3380 49] IOS, [00000145AC218F00][00000145AB3A7500 49] iPadAir, [00000145AC24FE00][00000145AB3AB680 49] iPadAir2, [00000145AC138C00][00000145AB18B940 49] IPadPro, [00000145AC138D00][00000145AB187980 49] iPadAir3, [00000145AC21BD00][00000145AB18FB00 49] iPadAir4, [00000145AC13B600][00000145AB192100 49] iPadMini2, [00000145AC21B300][00000145AB196280 49] iPadMini3, [00000145AC13B800][00000145AB19A400 49] iPadMini4, [00000145AC21B900][00000145AB19E580 49] iPadMini5, [00000145AC214600][00000145AB0E0800 49] iPhone6, [00000145AC214700][00000145AB1A2840 49] iPodTouch6, [00000145AC24E900][00000145AB1AAA80 49] iPhone7, [00000145AC24E800][00000145AB1A6AC0 49] iPodTouch7, [00000145AC214100][00000145AB084C40 49] iPhone5S, [00000145AC138700][00000145AB088DC0 49] iPhone6Plus, [00000145AC216500][00000145AB08CF40 49] iPhone6S, [00000145AC139300][00000145AB0910C0 49] iPhone6SPlus, [00000145AC217B00][00000145AB095240 49] iPhone7Plus, [00000145AC13B500][00000145AB0993C0 49] iPhoneSE, [00000145AC24E600][00000145AB09D540 49] iPhone8, [00000145AC138600][00000145AB0A16C0 49] iPhone8Plus, [00000145AC24E200][00000145AB0A5840 49] iPhoneX, [00000145AC13B300][00000145AB0A99C0 49] iPhoneXS, [00000145AC24F400][00000145AB0ADB40 49] iPhoneXSMax, [00000145AC13AD00][00000145AB0B0140 49] iPhoneXR, [00000145AC24C200][00000145AB0B42C0 49] iPhone11, [00000145AC139E00][00000145AB0B8440 49] iPhone11Pro, [00000145AC24EA00][00000145AB0BC5C0 49] iPhone11ProMax, [00000145AC13B700][00000145AB1DE740 49] iPhoneSE2, [00000145AC24CD00][00000145AB1E28C0 49] iPhone12Mini, [00000145AC139F00][00000145AB080A00 49] iPhone12, [00000145AC24C700][00000145AB1E6B40 49] iPhone12Pro, [00000145AC139400][00000145AB1EAC80 49] iPhone12ProMax, [00000145AC24CC00][00000145AB1EEDC0 49] iPadPro105, [00000145AC139700][00000145AB1F6F40 49] iPadPro129, [00000145AC24C100][00000145AB1FB0C0 49] iPadPro97, [00000145AC13BC00][00000145AB1FF240 49] iPadPro2_129, [00000145AC24C800][00000145AB2033C0 49] iPad5, [00000145AC13B100][00000145AB207540 49] iPad6, [00000145AC24C500][00000145AB20B6C0 49] iPad7, [00000145AC13A800][00000145AB20F840 49] iPad8, [00000145AC24D500][00000145AB2139C0 49] iPadPro11, [00000145AC139500][00000145AB217B40 49] iPadPro2_11, [00000145AC24CF00][00000145AB21A140 49] iPadPro3_129, [00000145AC13AC00][0000014584FCE2C0 49] iPadPro4_129, [00000145AC24E500][0000014584FD2440 49] AppleTV, [00000145AC139100][00000145AB1DA5C0 49] AppleTV4K, [00000145AC24C400][0000014584FDA740 49] TVOS, [00000145AC13A600][0000014584FDE8C0 49] Mac, [00000145AC24FD00][0000014584FE2A40 49] MacClient, [00000145AC139800][00000145AB1F2B80 49] MacNoEditor, [00000145AC24F100][0000014584FE6CC0 49] MacServer, [00000145AC13B900][0000014584FEAE00 49] Linux, [00000145AC24C900][0000014584FEEF40 49] LinuxAArch64, [00000145AC13BF00][0000014584FF70C0 49] LinuxNoEditor, [00000145AC24DB00][0000014584FFB240 49] LinuxAArch64NoEditor, [00000145AC13B400][00000145AB21F3C0 49] LinuxClient, [00000145AC24DC00][00000145AB223540 49] LinuxAArch64Client, [00000145AC139D00][00000145AB2276C0 49] LinuxServer, [00000145AC24EF00][00000145AB22B840 49] LinuxAArch64Server, [00000145AC138500][00000145AB22F9C0 49] Android, [00000145AC24DE00][00000145AB233B40 49] Android_Low, [00000145AC13B000][00000145AB236140 49] Android_Mid, [00000145AC24E400][00000145AB23A2C0 49] Android_High, [00000145AC138800][00000145AB23E440 49] Android_Default, [00000145AC24F200][00000145AB2425C0 49] Android_Adreno4xx, [00000145AC21A500][00000145AB246740 49] Android_Adreno5xx_Low, [00000145AC215C00][00000145AB24A8C0 49] Android_Adreno5xx, [00000145AC21BE00][00000145AB24EA40 49] Android_Adreno6xx, [00000145AC216B00][00000145AB252BC0 49] Android_Adreno6xx_Vulkan, [00000145AC21BF00][00000145AB256D40 49] Android_Mali_T6xx, [00000145AC214F00][0000014584FF2E80 49] Android_Mali_T7xx, [00000145AC219400][00000145AB25AFC0 49] Android_Mali_T8xx, [00000145AC215F00][00000145AB25F100 49] Android_Mali_G71, [00000145AC219D00][00000145AB267280 49] Android_Mali_G72, [00000145AC216400][00000145AB26B400 49] Android_Mali_G72_Vulkan, [00000145AC21B700][000001459BDD1580 49] Android_Mali_G76, [00000145AC216100][000001459BDD5700 49] Android_Mali_G76_Vulkan, [00000145AC219C00][000001459BDD9880 49] Android_Mali_G77, [00000145AC214A00][000001459BDDDA00 49] Android_Mali_G77_Vulkan, [00000145AC21B500][000001459BDE1B80 49] Android_Mali_G78, [00000145AC215300][000001459BDE4180 49] Android_Mali_G78_Vulkan, [00000145AC21AA00][000001459BDE8300 49] Android_Mali_G710, [00000145AC217D00][000001459BDEC480 49] Android_Mali_G710_Vulkan, [00000145AC219F00][000001459BDF0600 49] Android_Vulkan_SM5, [00000145AC214900][000001459BDF4780 49] Android_PowerVR_G6xxx, [00000145AC21A000][000001459BDF8900 49] Android_PowerVR_GT7xxx, [00000145AC216700][000001459BDFCA80 49] Android_PowerVR_GE8xxx, [00000145AC21A400][000001459BE00C00 49] Android_PowerVR_GM9xxx, [00000145AC217200][000001459BE04D80 49] Android_PowerVR_GM9xxx_Vulkan, [00000145AC21B100][000001459BE08F00 49] Android_TegraK1, [00000145AC215700][00000145AB263040 49] Android_Unknown_Vulkan, [00000145AC21B800][000001459BE0D180 49] Lumin, [00000145AC214200][000001459BE112C0 49] Lumin_Desktop, [00000145AC21A300][000001459BE19440 49] HoloLens, 
[2024.07.28-06.06.45:903][  0]LogMeshReduction: Using QuadricMeshReduction for automatic static mesh reduction
[2024.07.28-06.06.45:903][  0]LogMeshReduction: Using SimplygonMeshReduction for automatic skeletal mesh reduction
[2024.07.28-06.06.45:903][  0]LogMeshReduction: Using ProxyLODMeshReduction for automatic mesh merging
[2024.07.28-06.06.45:903][  0]LogMeshReduction: No distributed automatic mesh merging module available
[2024.07.28-06.06.45:903][  0]LogMeshMerging: No distributed automatic mesh merging module available
[2024.07.28-06.06.46:792][  0]LogNetVersion: Game 1.0.0, NetCL: 17155196, EngineNetVer: 17, GameNetVer: 0 (Checksum: 132826216)
[2024.07.28-06.06.56:254][  0]LogTexture: Default maximum texture size for cubemaps generated from long-lat sources has been changed from 512 to unlimited. In order to preserve old behaiour for '/Engine/MapTemplates/Sky/DaylightAmbientCubemap.DaylightAmbientCubemap', its maximum texture size has been explicitly set to 512.
[2024.07.28-06.06.57:130][  0]LogHMD: PokeAHoleMaterial loaded successfully
[2024.07.28-06.06.57:275][  0]LogUObjectArray: 17075 objects as part of root set at end of initial load.
[2024.07.28-06.06.57:275][  0]LogUObjectAllocator: 4275792 out of 0 bytes used by permanent object pool.
[2024.07.28-06.06.57:286][  0]LogUObjectArray: CloseDisregardForGC: 0/0 objects in disregard for GC pool
[2024.07.28-06.07.00:023][  0]LogNiagaraDebuggerClient: Niagara Debugger Client Initialized | Session: 9D0503CF419B4C752C8BED80CA0699CA | Instance: 7E54876E4388223CCC176CA28195F8E0 (DESKTOP-94G5S4E-15608).
[2024.07.28-06.07.03:634][  0]LogTcpMessaging: Initializing TcpMessaging bridge
[2024.07.28-06.07.03:685][  0]LogUdpMessaging: Initializing bridge on interface 0.0.0.0:0 to multicast group 230.0.0.1:6666.
[2024.07.28-06.07.03:786][  0]LogPython: Using Python 3.7.7
[2024.07.28-06.07.06:793][  0]SourceControl: Source control is disabled
[2024.07.28-06.07.06:793][  0]SourceControl: Source control is disabled
[2024.07.28-06.07.06:876][  0]SourceControl: Source control is disabled
[2024.07.28-06.07.06:893][  0]SourceControl: Source control is disabled
[2024.07.28-06.07.06:909][  0]SourceControl: Source control is disabled
[2024.07.28-06.07.06:926][  0]LogUProjectInfo: Found projects:
[2024.07.28-06.07.06:934][  0]LogVSAccessor: Display: Unable to create Visual Studio setup instance: 80040154
[2024.07.28-06.07.06:934][  0]LogVSAccessor: Display: Unable to create Visual Studio setup instance: 80040154
[2024.07.28-06.07.06:935][  0]LogVSAccessor: Display: Unable to create Visual Studio setup instance: 80040154
[2024.07.28-06.07.08:716][  0]LogOpenImageDenoise: OIDN starting up
[2024.07.28-06.07.08:792][  0]LogAndroidPermission: UAndroidPermissionCallbackProxy::GetInstance
[2024.07.28-06.07.08:851][  0]LogAudioCaptureCore: Display: No Audio Capture implementations found. Audio input will be silent.
[2024.07.28-06.07.08:851][  0]LogAudioCaptureCore: Display: No Audio Capture implementations found. Audio input will be silent.
[2024.07.28-06.07.09:640][  0]LogCollectionManager: Loaded 0 collections in 0.001016 seconds
[2024.07.28-06.07.09:728][  0]LogFileCache: Scanning file cache for directory 'C:/Users/User/Documents/Unreal Projects/Game/Saved/Collections/' took 0.01s
[2024.07.28-06.07.09:728][  0]LogFileCache: Scanning file cache for directory 'C:/Users/User/Documents/Unreal Projects/Game/Content/Developers/User/Collections/' took 0.00s
[2024.07.28-06.07.09:728][  0]LogFileCache: Scanning file cache for directory 'C:/Users/User/Documents/Unreal Projects/Game/Content/Collections/' took 0.00s
[2024.07.28-06.07.09:900][  0]LogOcInput: OculusInput pre-init called
[2024.07.28-06.07.12:410][  0]LogEngine: Initializing Engine...
[2024.07.28-06.07.12:464][  0]LogHMD: Failed to enumerate extensions. Please check that you have a valid OpenXR runtime installed.
[2024.07.28-06.07.12:475][  0]LogMagicLeap: Warning: VR disabled because ZI is not enabled.  To enable, in the editor, Edit -> Project Settings -> Plugins -> Magic Leap Plugin -> Enable Zero Iteration
[2024.07.28-06.07.12:544][  0]LogStats: UGameplayTagsManager::InitializeManager -  0.009 s
[2024.07.28-06.07.13:375][  0]LogInit: Initializing FReadOnlyCVARCache
[2024.07.28-06.07.14:033][  0]LogAIModule: Creating AISystem for world Untitled
[2024.07.28-06.07.14:134][  0]LogAudio: Display: Initializing Audio Device Manager...
[2024.07.28-06.07.14:155][  0]LogAudio: Display: Loading Default Audio Settings Objects...
[2024.07.28-06.07.14:190][  0]LogAudio: Display: No default SoundConcurrencyObject specified (or failed to load).
[2024.07.28-06.07.14:233][  0]LogAudio: Display: Audio Device Manager Initialized
[2024.07.28-06.07.14:233][  0]LogAudio: Display: Creating Audio Device:                 Id: 1, Scope: Shared, Realtime: True
[2024.07.28-06.07.14:271][  0]LogAudioMixer: Display: Audio Mixer Platform Settings:
[2024.07.28-06.07.14:271][  0]LogAudioMixer: Display: 	Sample Rate:						  48000
[2024.07.28-06.07.14:271][  0]LogAudioMixer: Display: 	Callback Buffer Frame Size Requested: 1024
[2024.07.28-06.07.14:271][  0]LogAudioMixer: Display: 	Callback Buffer Frame Size To Use:	  1024
[2024.07.28-06.07.14:271][  0]LogAudioMixer: Display: 	Number of buffers to queue:			  2
[2024.07.28-06.07.14:271][  0]LogAudioMixer: Display: 	Max Channels (voices):				  32
[2024.07.28-06.07.14:271][  0]LogAudioMixer: Display: 	Number of Async Source Workers:		  0
[2024.07.28-06.07.14:276][  0]LogAudio: Display: AudioDevice MaxSources: 32
[2024.07.28-06.07.14:290][  0]LogAudio: Display: Audio Spatialization Plugin: None (built-in).
[2024.07.28-06.07.14:290][  0]LogAudio: Display: Audio Reverb Plugin: None (built-in).
[2024.07.28-06.07.14:290][  0]LogAudio: Display: Audio Occlusion Plugin: None (built-in).
[2024.07.28-06.07.14:290][  0]LogAudioMixer: Display: Initializing audio mixer.
[2024.07.28-06.07.14:431][  0]LogAudioMixer: Display: 0: FrontLeft
[2024.07.28-06.07.14:431][  0]LogAudioMixer: Display: 1: FrontRight
[2024.07.28-06.07.14:497][  0]LogAudioMixer: Display: Using Audio Device Headset Earphone (Razer Audio Controller - Chat)
[2024.07.28-06.07.14:527][  0]LogAudioMixer: Display: Initializing Sound Submixes...
[2024.07.28-06.07.14:559][  0]LogAudioMixer: Display: Creating Master Submix 'MasterSubmixDefault'
[2024.07.28-06.07.14:559][  0]LogAudioMixer: Display: Creating Master Submix 'MasterReverbSubmixDefault'
[2024.07.28-06.07.14:561][  0]LogAudioMixer: Display: Creating Master Submix 'MasterEQSubmixDefault'
[2024.07.28-06.07.14:561][  0]LogAudioMixer: FMixerPlatformXAudio2::StartAudioStream() called
[2024.07.28-06.07.14:561][  0]LogAudioMixer: Display: Output buffers initialized: Frames=1024, Channels=2, Samples=2048
[2024.07.28-06.07.14:562][  0]LogAudioMixer: Display: Starting AudioMixerPlatformInterface::RunInternal()
[2024.07.28-06.07.14:562][  0]LogAudioMixer: Display: FMixerPlatformXAudio2::SubmitBuffer() called for the first time
[2024.07.28-06.07.14:562][  0]LogInit: FAudioDevice initialized.
[2024.07.28-06.07.14:583][  0]LogAudio: Display: Audio Device (ID: 1) registered with world 'Untitled'.
[2024.07.28-06.07.14:583][  0]LogNetVersion: Set ProjectVersion to 1.0.0.0. Version Checksum will be recalculated on next use.
[2024.07.28-06.07.14:666][  0]LogDerivedDataCache: Saved boot cache 0.08s 94MB C:/Users/User/AppData/Local/UnrealEngine/4.27/DerivedDataCache/Boot.ddc.
[2024.07.28-06.07.14:666][  0]LogInit: Texture streaming: Enabled
[2024.07.28-06.07.14:788][  0]LogAnalytics: Display: [UEEditor.Rocket.Release] APIServer = https://datarouter.ol.epicgames.com/. AppVersion = 4.27.2-18319896+++UE4+Release-4.27
[2024.07.28-06.07.14:840][  0]LogEngineSessionManager: EngineSessionManager initialized
[2024.07.28-06.07.14:850][  0]LogEditorSessionSummary: Verbose: Initializing EditorSessionSummaryWriter for editor session tracking
[2024.07.28-06.07.14:876][  0]LogEditorSessionSummary: EditorSessionSummaryWriter initialized
[2024.07.28-06.07.15:143][  0]LogInit: Transaction tracking system initialized
[2024.07.28-06.07.15:449][  0]BlueprintLog: New page: Editor Load
[2024.07.28-06.07.16:454][  0]LocalizationService: Localization service is disabled
[2024.07.28-06.07.16:830][  0]TimingProfiler: Initialize
[2024.07.28-06.07.16:842][  0]TimingProfiler: OnSessionChanged
[2024.07.28-06.07.16:843][  0]LoadingProfiler: Initialize
[2024.07.28-06.07.16:844][  0]LoadingProfiler: OnSessionChanged
[2024.07.28-06.07.16:845][  0]NetworkingProfiler: Initialize
[2024.07.28-06.07.16:845][  0]NetworkingProfiler: OnSessionChanged
[2024.07.28-06.07.16:845][  0]MemoryProfiler: Initialize
[2024.07.28-06.07.16:845][  0]MemoryProfiler: OnSessionChanged
[2024.07.28-06.07.17:511][  0]LogVSAccessor: Display: Unable to create Visual Studio setup instance: 80040154
[2024.07.28-06.07.17:512][  0]LogVSAccessor: Display: Unable to create Visual Studio setup instance: 80040154
[2024.07.28-06.07.17:513][  0]LogVSAccessor: Display: Unable to create Visual Studio setup instance: 80040154
[2024.07.28-06.07.19:911][  0]LogCook: Display: CookSettings for Memory: MemoryMaxUsedVirtual 0MiB, MemoryMaxUsedPhysical 16384MiB, MemoryMinFreeVirtual 0MiB, MemoryMinFreePhysical 1024MiB
[2024.07.28-06.07.19:911][  0]LogCook: Display: Mobile HDR setting 1
[2024.07.28-06.07.21:087][  0]LogFileCache: Scanning file cache for directory 'C:/Users/User/Documents/Unreal Projects/Game/Content/' took 0.14s
[2024.07.28-06.07.23:908][  0]LogInit: Display: Engine is initialized. Leaving FEngineLoop::Init()
[2024.07.28-06.07.24:099][  0]SourceControl: Source control is disabled
[2024.07.28-06.07.24:118][  0]LogUnrealEdMisc: Loading editor; pre map load, took 90.588
[2024.07.28-06.07.24:137][  0]Cmd: MAP LOAD FILE="C:/Users/User/Documents/Unreal Projects/Game/Content/ThirdPersonBP/Maps/ThirdPersonExampleMap.umap" TEMPLATE=0 SHOWPROGRESS=1 FEATURELEVEL=3
[2024.07.28-06.07.24:152][  0]LightingResults: New page: Lighting Build
[2024.07.28-06.07.24:263][  0]LogWorld: UWorld::CleanupWorld for Untitled, bSessionEnded=true, bCleanupResources=true
[2024.07.28-06.07.24:343][  0]LogSlate: InvalidateAllWidgets triggered.  All widgets were invalidated
[2024.07.28-06.07.24:460][  0]MapCheck: New page: Map Check
[2024.07.28-06.07.24:460][  0]LightingResults: New page: Lighting Build
[2024.07.28-06.07.24:799][  0]LogAudio: Display: Audio Device unregistered from world 'None'.
[2024.07.28-06.07.25:020][  0]LogUObjectHash: Compacting FUObjectHashTables data took   1.78ms
[2024.07.28-06.07.26:683][  0]LogAudio: Display: Audio Device (ID: 1) registered with world 'ThirdPersonExampleMap'.
[2024.07.28-06.07.26:683][  0]LogAIModule: Creating AISystem for world ThirdPersonExampleMap
[2024.07.28-06.07.27:436][  0]LogEditorServer: Finished looking for orphan Actors (0.000 secs)
[2024.07.28-06.07.27:631][  0]LogUObjectHash: Compacting FUObjectHashTables data took   0.81ms
[2024.07.28-06.07.27:655][  0]Cmd: MAP CHECKDEP NOCLEARLOG
[2024.07.28-06.07.27:655][  0]MapCheck: Map check complete: 0 Error(s), 0 Warning(s), took 0.473ms to complete.
[2024.07.28-06.07.27:662][  0]LogFileHelpers: Loading map 'ThirdPersonExampleMap' took 3.517
[2024.07.28-06.07.28:795][  0]LogUnrealEdMisc: Total Editor Startup Time, took 95.264
[2024.07.28-06.07.29:635][  0]LogSlate: Updating window title bar state: overlay mode, drag disabled, window buttons hidden, title bar hidden
[2024.07.28-06.07.29:642][  0]LogSlate: Updating window title bar state: overlay mode, drag disabled, window buttons hidden, title bar hidden
[2024.07.28-06.07.29:648][  0]LogSlate: Updating window title bar state: overlay mode, drag disabled, window buttons hidden, title bar hidden
[2024.07.28-06.07.29:653][  0]LogSlate: Updating window title bar state: overlay mode, drag disabled, window buttons hidden, title bar hidden
[2024.07.28-06.07.29:833][  0]LogNativeClassHierarchy: Verbose: Native class hierarchy populated in 0.0086 seconds. Added 3814 classes and 921 folders.
[2024.07.28-06.07.29:918][  0]LogNativeClassHierarchy: Verbose: Native class hierarchy updated for 'WidgetCarousel' in 0.0002 seconds. Added 0 classes and 0 folders.
[2024.07.28-06.07.30:050][  0]LogPakFile: PakFile PrimaryIndexSize=187
[2024.07.28-06.07.30:050][  0]LogPakFile: PakFile PathHashIndexSize=101
[2024.07.28-06.07.30:050][  0]LogPakFile: PakFile FullDirectoryIndexSize=148
[2024.07.28-06.07.30:067][  0]LogShaderLibrary: Display: ShaderCodeLibraryPakFileMountedCallback: PakFile 'D:/UE4/UE_4.27/FeaturePacks/FP_FirstPerson.upack' (chunk index -1, root 'root:/') mounted
[2024.07.28-06.07.30:067][  0]LogShaderLibrary: Display: ShaderCodeLibraryPakFileMountedCallback: pending pak file info (ChunkID:-1 Root:root:/ File:D:/UE4/UE_4.27/FeaturePacks/FP_FirstPerson.upack)
[2024.07.28-06.07.30:067][  0]LogPakFile: OnPakFileMounted2Time == 0.017036
[2024.07.28-06.07.30:122][  0]LogPakFile: PakFile PrimaryIndexSize=189
[2024.07.28-06.07.30:122][  0]LogPakFile: PakFile PathHashIndexSize=101
[2024.07.28-06.07.30:122][  0]LogPakFile: PakFile FullDirectoryIndexSize=152
[2024.07.28-06.07.30:122][  0]LogShaderLibrary: Display: ShaderCodeLibraryPakFileMountedCallback: PakFile 'D:/UE4/UE_4.27/FeaturePacks/FP_FirstPersonBP.upack' (chunk index -1, root 'root:/') mounted
[2024.07.28-06.07.30:122][  0]LogShaderLibrary: Display: ShaderCodeLibraryPakFileMountedCallback: pending pak file info (ChunkID:-1 Root:root:/ File:D:/UE4/UE_4.27/FeaturePacks/FP_FirstPersonBP.upack)
[2024.07.28-06.07.30:122][  0]LogPakFile: OnPakFileMounted2Time == 0.000044
[2024.07.28-06.07.30:156][  0]LogPakFile: PakFile PrimaryIndexSize=191
[2024.07.28-06.07.30:156][  0]LogPakFile: PakFile PathHashIndexSize=101
[2024.07.28-06.07.30:157][  0]LogPakFile: PakFile FullDirectoryIndexSize=160
[2024.07.28-06.07.30:157][  0]LogShaderLibrary: Display: ShaderCodeLibraryPakFileMountedCallback: PakFile 'D:/UE4/UE_4.27/FeaturePacks/MobileStarterContent.upack' (chunk index -1, root 'root:/') mounted
[2024.07.28-06.07.30:157][  0]LogShaderLibrary: Display: ShaderCodeLibraryPakFileMountedCallback: pending pak file info (ChunkID:-1 Root:root:/ File:D:/UE4/UE_4.27/FeaturePacks/MobileStarterContent.upack)
[2024.07.28-06.07.30:157][  0]LogPakFile: OnPakFileMounted2Time == 0.000042
[2024.07.28-06.07.30:166][  0]LogPakFile: PakFile PrimaryIndexSize=185
[2024.07.28-06.07.30:166][  0]LogPakFile: PakFile PathHashIndexSize=101
[2024.07.28-06.07.30:166][  0]LogPakFile: PakFile FullDirectoryIndexSize=148
[2024.07.28-06.07.30:166][  0]LogShaderLibrary: Display: ShaderCodeLibraryPakFileMountedCallback: PakFile 'D:/UE4/UE_4.27/FeaturePacks/StarterContent.upack' (chunk index -1, root 'root:/') mounted
[2024.07.28-06.07.30:166][  0]LogShaderLibrary: Display: ShaderCodeLibraryPakFileMountedCallback: pending pak file info (ChunkID:-1 Root:root:/ File:D:/UE4/UE_4.27/FeaturePacks/StarterContent.upack)
[2024.07.28-06.07.30:166][  0]LogPakFile: OnPakFileMounted2Time == 0.000041
[2024.07.28-06.07.30:169][  0]LogPakFile: PakFile PrimaryIndexSize=190
[2024.07.28-06.07.30:169][  0]LogPakFile: PakFile PathHashIndexSize=101
[2024.07.28-06.07.30:169][  0]LogPakFile: PakFile FullDirectoryIndexSize=154
[2024.07.28-06.07.30:169][  0]LogShaderLibrary: Display: ShaderCodeLibraryPakFileMountedCallback: PakFile 'D:/UE4/UE_4.27/FeaturePacks/TP_2DSideScroller.upack' (chunk index -1, root 'root:/') mounted
[2024.07.28-06.07.30:169][  0]LogShaderLibrary: Display: ShaderCodeLibraryPakFileMountedCallback: pending pak file info (ChunkID:-1 Root:root:/ File:D:/UE4/UE_4.27/FeaturePacks/TP_2DSideScroller.upack)
[2024.07.28-06.07.30:169][  0]LogPakFile: OnPakFileMounted2Time == 0.000034
[2024.07.28-06.07.30:171][  0]LogPakFile: PakFile PrimaryIndexSize=192
[2024.07.28-06.07.30:171][  0]LogPakFile: PakFile PathHashIndexSize=101
[2024.07.28-06.07.30:171][  0]LogPakFile: PakFile FullDirectoryIndexSize=158
[2024.07.28-06.07.30:171][  0]LogShaderLibrary: Display: ShaderCodeLibraryPakFileMountedCallback: PakFile 'D:/UE4/UE_4.27/FeaturePacks/TP_2DSideScrollerBP.upack' (chunk index -1, root 'root:/') mounted
[2024.07.28-06.07.30:171][  0]LogShaderLibrary: Display: ShaderCodeLibraryPakFileMountedCallback: pending pak file info (ChunkID:-1 Root:root:/ File:D:/UE4/UE_4.27/FeaturePacks/TP_2DSideScrollerBP.upack)
[2024.07.28-06.07.30:171][  0]LogPakFile: OnPakFileMounted2Time == 0.000037
[2024.07.28-06.07.30:172][  0]LogPakFile: PakFile PrimaryIndexSize=182
[2024.07.28-06.07.30:172][  0]LogPakFile: PakFile PathHashIndexSize=101
[2024.07.28-06.07.30:172][  0]LogPakFile: PakFile FullDirectoryIndexSize=138
[2024.07.28-06.07.30:172][  0]LogShaderLibrary: Display: ShaderCodeLibraryPakFileMountedCallback: PakFile 'D:/UE4/UE_4.27/FeaturePacks/TP_Flying.upack' (chunk index -1, root 'root:/') mounted
[2024.07.28-06.07.30:172][  0]LogShaderLibrary: Display: ShaderCodeLibraryPakFileMountedCallback: pending pak file info (ChunkID:-1 Root:root:/ File:D:/UE4/UE_4.27/FeaturePacks/TP_Flying.upack)
[2024.07.28-06.07.30:172][  0]LogPakFile: OnPakFileMounted2Time == 0.000037
[2024.07.28-06.07.30:174][  0]LogPakFile: PakFile PrimaryIndexSize=184
[2024.07.28-06.07.30:174][  0]LogPakFile: PakFile PathHashIndexSize=101
[2024.07.28-06.07.30:174][  0]LogPakFile: PakFile FullDirectoryIndexSize=142
[2024.07.28-06.07.30:174][  0]LogShaderLibrary: Display: ShaderCodeLibraryPakFileMountedCallback: PakFile 'D:/UE4/UE_4.27/FeaturePacks/TP_FlyingBP.upack' (chunk index -1, root 'root:/') mounted
[2024.07.28-06.07.30:174][  0]LogShaderLibrary: Display: ShaderCodeLibraryPakFileMountedCallback: pending pak file info (ChunkID:-1 Root:root:/ File:D:/UE4/UE_4.27/FeaturePacks/TP_FlyingBP.upack)
[2024.07.28-06.07.30:174][  0]LogPakFile: OnPakFileMounted2Time == 0.000033
[2024.07.28-06.07.30:183][  0]LogPakFile: PakFile PrimaryIndexSize=188
[2024.07.28-06.07.30:183][  0]LogPakFile: PakFile PathHashIndexSize=101
[2024.07.28-06.07.30:183][  0]LogPakFile: PakFile FullDirectoryIndexSize=150
[2024.07.28-06.07.30:183][  0]LogShaderLibrary: Display: ShaderCodeLibraryPakFileMountedCallback: PakFile 'D:/UE4/UE_4.27/FeaturePacks/TP_HandheldARBP.upack' (chunk index -1, root 'root:/') mounted
[2024.07.28-06.07.30:183][  0]LogShaderLibrary: Display: ShaderCodeLibraryPakFileMountedCallback: pending pak file info (ChunkID:-1 Root:root:/ File:D:/UE4/UE_4.27/FeaturePacks/TP_HandheldARBP.upack)
[2024.07.28-06.07.30:183][  0]LogPakFile: OnPakFileMounted2Time == 0.000033
[2024.07.28-06.07.30:187][  0]LogPakFile: PakFile PrimaryIndexSize=182
[2024.07.28-06.07.30:187][  0]LogPakFile: PakFile PathHashIndexSize=101
[2024.07.28-06.07.30:187][  0]LogPakFile: PakFile FullDirectoryIndexSize=138
[2024.07.28-06.07.30:187][  0]LogShaderLibrary: Display: ShaderCodeLibraryPakFileMountedCallback: PakFile 'D:/UE4/UE_4.27/FeaturePacks/TP_Puzzle.upack' (chunk index -1, root 'root:/') mounted
[2024.07.28-06.07.30:187][  0]LogShaderLibrary: Display: ShaderCodeLibraryPakFileMountedCallback: pending pak file info (ChunkID:-1 Root:root:/ File:D:/UE4/UE_4.27/FeaturePacks/TP_Puzzle.upack)
[2024.07.28-06.07.30:187][  0]LogPakFile: OnPakFileMounted2Time == 0.000035
[2024.07.28-06.07.30:189][  0]LogPakFile: PakFile PrimaryIndexSize=184
[2024.07.28-06.07.30:189][  0]LogPakFile: PakFile PathHashIndexSize=101
[2024.07.28-06.07.30:189][  0]LogPakFile: PakFile FullDirectoryIndexSize=142
[2024.07.28-06.07.30:189][  0]LogShaderLibrary: Display: ShaderCodeLibraryPakFileMountedCallback: PakFile 'D:/UE4/UE_4.27/FeaturePacks/TP_PuzzleBP.upack' (chunk index -1, root 'root:/') mounted
[2024.07.28-06.07.30:189][  0]LogShaderLibrary: Display: ShaderCodeLibraryPakFileMountedCallback: pending pak file info (ChunkID:-1 Root:root:/ File:D:/UE4/UE_4.27/FeaturePacks/TP_PuzzleBP.upack)
[2024.07.28-06.07.30:189][  0]LogPakFile: OnPakFileMounted2Time == 0.000036
[2024.07.28-06.07.30:190][  0]LogPakFile: PakFile PrimaryIndexSize=183
[2024.07.28-06.07.30:190][  0]LogPakFile: PakFile PathHashIndexSize=101
[2024.07.28-06.07.30:190][  0]LogPakFile: PakFile FullDirectoryIndexSize=140
[2024.07.28-06.07.30:190][  0]LogShaderLibrary: Display: ShaderCodeLibraryPakFileMountedCallback: PakFile 'D:/UE4/UE_4.27/FeaturePacks/TP_Rolling.upack' (chunk index -1, root 'root:/') mounted
[2024.07.28-06.07.30:190][  0]LogShaderLibrary: Display: ShaderCodeLibraryPakFileMountedCallback: pending pak file info (ChunkID:-1 Root:root:/ File:D:/UE4/UE_4.27/FeaturePacks/TP_Rolling.upack)
[2024.07.28-06.07.30:190][  0]LogPakFile: OnPakFileMounted2Time == 0.000037
[2024.07.28-06.07.30:191][  0]LogPakFile: PakFile PrimaryIndexSize=185
[2024.07.28-06.07.30:191][  0]LogPakFile: PakFile PathHashIndexSize=101
[2024.07.28-06.07.30:191][  0]LogPakFile: PakFile FullDirectoryIndexSize=144
[2024.07.28-06.07.30:191][  0]LogShaderLibrary: Display: ShaderCodeLibraryPakFileMountedCallback: PakFile 'D:/UE4/UE_4.27/FeaturePacks/TP_RollingBP.upack' (chunk index -1, root 'root:/') mounted
[2024.07.28-06.07.30:191][  0]LogShaderLibrary: Display: ShaderCodeLibraryPakFileMountedCallback: pending pak file info (ChunkID:-1 Root:root:/ File:D:/UE4/UE_4.27/FeaturePacks/TP_RollingBP.upack)
[2024.07.28-06.07.30:191][  0]LogPakFile: OnPakFileMounted2Time == 0.000032
[2024.07.28-06.07.30:193][  0]LogPakFile: PakFile PrimaryIndexSize=188
[2024.07.28-06.07.30:193][  0]LogPakFile: PakFile PathHashIndexSize=101
[2024.07.28-06.07.30:193][  0]LogPakFile: PakFile FullDirectoryIndexSize=150
[2024.07.28-06.07.30:193][  0]LogShaderLibrary: Display: ShaderCodeLibraryPakFileMountedCallback: PakFile 'D:/UE4/UE_4.27/FeaturePacks/TP_SideScroller.upack' (chunk index -1, root 'root:/') mounted
[2024.07.28-06.07.30:193][  0]LogShaderLibrary: Display: ShaderCodeLibraryPakFileMountedCallback: pending pak file info (ChunkID:-1 Root:root:/ File:D:/UE4/UE_4.27/FeaturePacks/TP_SideScroller.upack)
[2024.07.28-06.07.30:193][  0]LogPakFile: OnPakFileMounted2Time == 0.000037
[2024.07.28-06.07.30:195][  0]LogPakFile: PakFile PrimaryIndexSize=190
[2024.07.28-06.07.30:195][  0]LogPakFile: PakFile PathHashIndexSize=101
[2024.07.28-06.07.30:195][  0]LogPakFile: PakFile FullDirectoryIndexSize=154
[2024.07.28-06.07.30:195][  0]LogShaderLibrary: Display: ShaderCodeLibraryPakFileMountedCallback: PakFile 'D:/UE4/UE_4.27/FeaturePacks/TP_SideScrollerBP.upack' (chunk index -1, root 'root:/') mounted
[2024.07.28-06.07.30:195][  0]LogShaderLibrary: Display: ShaderCodeLibraryPakFileMountedCallback: pending pak file info (ChunkID:-1 Root:root:/ File:D:/UE4/UE_4.27/FeaturePacks/TP_SideScrollerBP.upack)
[2024.07.28-06.07.30:195][  0]LogPakFile: OnPakFileMounted2Time == 0.000033
[2024.07.28-06.07.30:196][  0]LogPakFile: PakFile PrimaryIndexSize=187
[2024.07.28-06.07.30:196][  0]LogPakFile: PakFile PathHashIndexSize=101
[2024.07.28-06.07.30:196][  0]LogPakFile: PakFile FullDirectoryIndexSize=148
[2024.07.28-06.07.30:196][  0]LogShaderLibrary: Display: ShaderCodeLibraryPakFileMountedCallback: PakFile 'D:/UE4/UE_4.27/FeaturePacks/TP_ThirdPerson.upack' (chunk index -1, root 'root:/') mounted
[2024.07.28-06.07.30:196][  0]LogShaderLibrary: Display: ShaderCodeLibraryPakFileMountedCallback: pending pak file info (ChunkID:-1 Root:root:/ File:D:/UE4/UE_4.27/FeaturePacks/TP_ThirdPerson.upack)
[2024.07.28-06.07.30:196][  0]LogPakFile: OnPakFileMounted2Time == 0.000032
[2024.07.28-06.07.30:198][  0]LogPakFile: PakFile PrimaryIndexSize=189
[2024.07.28-06.07.30:198][  0]LogPakFile: PakFile PathHashIndexSize=101
[2024.07.28-06.07.30:198][  0]LogPakFile: PakFile FullDirectoryIndexSize=152
[2024.07.28-06.07.30:198][  0]LogShaderLibrary: Display: ShaderCodeLibraryPakFileMountedCallback: PakFile 'D:/UE4/UE_4.27/FeaturePacks/TP_ThirdPersonBP.upack' (chunk index -1, root 'root:/') mounted
[2024.07.28-06.07.30:198][  0]LogShaderLibrary: Display: ShaderCodeLibraryPakFileMountedCallback: pending pak file info (ChunkID:-1 Root:root:/ File:D:/UE4/UE_4.27/FeaturePacks/TP_ThirdPersonBP.upack)
[2024.07.28-06.07.30:198][  0]LogPakFile: OnPakFileMounted2Time == 0.000032
[2024.07.28-06.07.30:199][  0]LogPakFile: PakFile PrimaryIndexSize=183
[2024.07.28-06.07.30:199][  0]LogPakFile: PakFile PathHashIndexSize=101
[2024.07.28-06.07.30:199][  0]LogPakFile: PakFile FullDirectoryIndexSize=140
[2024.07.28-06.07.30:199][  0]LogShaderLibrary: Display: ShaderCodeLibraryPakFileMountedCallback: PakFile 'D:/UE4/UE_4.27/FeaturePacks/TP_TopDown.upack' (chunk index -1, root 'root:/') mounted
[2024.07.28-06.07.30:199][  0]LogShaderLibrary: Display: ShaderCodeLibraryPakFileMountedCallback: pending pak file info (ChunkID:-1 Root:root:/ File:D:/UE4/UE_4.27/FeaturePacks/TP_TopDown.upack)
[2024.07.28-06.07.30:199][  0]LogPakFile: OnPakFileMounted2Time == 0.000041
[2024.07.28-06.07.30:201][  0]LogPakFile: PakFile PrimaryIndexSize=185
[2024.07.28-06.07.30:201][  0]LogPakFile: PakFile PathHashIndexSize=101
[2024.07.28-06.07.30:201][  0]LogPakFile: PakFile FullDirectoryIndexSize=144
[2024.07.28-06.07.30:201][  0]LogShaderLibrary: Display: ShaderCodeLibraryPakFileMountedCallback: PakFile 'D:/UE4/UE_4.27/FeaturePacks/TP_TopDownBP.upack' (chunk index -1, root 'root:/') mounted
[2024.07.28-06.07.30:201][  0]LogShaderLibrary: Display: ShaderCodeLibraryPakFileMountedCallback: pending pak file info (ChunkID:-1 Root:root:/ File:D:/UE4/UE_4.27/FeaturePacks/TP_TopDownBP.upack)
[2024.07.28-06.07.30:201][  0]LogPakFile: OnPakFileMounted2Time == 0.000032
[2024.07.28-06.07.30:202][  0]LogPakFile: PakFile PrimaryIndexSize=185
[2024.07.28-06.07.30:202][  0]LogPakFile: PakFile PathHashIndexSize=101
[2024.07.28-06.07.30:202][  0]LogPakFile: PakFile FullDirectoryIndexSize=144
[2024.07.28-06.07.30:202][  0]LogShaderLibrary: Display: ShaderCodeLibraryPakFileMountedCallback: PakFile 'D:/UE4/UE_4.27/FeaturePacks/TP_TwinStick.upack' (chunk index -1, root 'root:/') mounted
[2024.07.28-06.07.30:202][  0]LogShaderLibrary: Display: ShaderCodeLibraryPakFileMountedCallback: pending pak file info (ChunkID:-1 Root:root:/ File:D:/UE4/UE_4.27/FeaturePacks/TP_TwinStick.upack)
[2024.07.28-06.07.30:202][  0]LogPakFile: OnPakFileMounted2Time == 0.000032
[2024.07.28-06.07.30:204][  0]LogPakFile: PakFile PrimaryIndexSize=187
[2024.07.28-06.07.30:204][  0]LogPakFile: PakFile PathHashIndexSize=101
[2024.07.28-06.07.30:204][  0]LogPakFile: PakFile FullDirectoryIndexSize=148
[2024.07.28-06.07.30:204][  0]LogShaderLibrary: Display: ShaderCodeLibraryPakFileMountedCallback: PakFile 'D:/UE4/UE_4.27/FeaturePacks/TP_TwinStickBP.upack' (chunk index -1, root 'root:/') mounted
[2024.07.28-06.07.30:204][  0]LogShaderLibrary: Display: ShaderCodeLibraryPakFileMountedCallback: pending pak file info (ChunkID:-1 Root:root:/ File:D:/UE4/UE_4.27/FeaturePacks/TP_TwinStickBP.upack)
[2024.07.28-06.07.30:204][  0]LogPakFile: OnPakFileMounted2Time == 0.000040
[2024.07.28-06.07.30:205][  0]LogPakFile: PakFile PrimaryIndexSize=183
[2024.07.28-06.07.30:205][  0]LogPakFile: PakFile PathHashIndexSize=101
[2024.07.28-06.07.30:205][  0]LogPakFile: PakFile FullDirectoryIndexSize=140
[2024.07.28-06.07.30:205][  0]LogShaderLibrary: Display: ShaderCodeLibraryPakFileMountedCallback: PakFile 'D:/UE4/UE_4.27/FeaturePacks/TP_Vehicle.upack' (chunk index -1, root 'root:/') mounted
[2024.07.28-06.07.30:205][  0]LogShaderLibrary: Display: ShaderCodeLibraryPakFileMountedCallback: pending pak file info (ChunkID:-1 Root:root:/ File:D:/UE4/UE_4.27/FeaturePacks/TP_Vehicle.upack)
[2024.07.28-06.07.30:205][  0]LogPakFile: OnPakFileMounted2Time == 0.000033
[2024.07.28-06.07.30:207][  0]LogPakFile: PakFile PrimaryIndexSize=186
[2024.07.28-06.07.30:207][  0]LogPakFile: PakFile PathHashIndexSize=101
[2024.07.28-06.07.30:207][  0]LogPakFile: PakFile FullDirectoryIndexSize=146
[2024.07.28-06.07.30:207][  0]LogShaderLibrary: Display: ShaderCodeLibraryPakFileMountedCallback: PakFile 'D:/UE4/UE_4.27/FeaturePacks/TP_VehicleAdv.upack' (chunk index -1, root 'root:/') mounted
[2024.07.28-06.07.30:207][  0]LogShaderLibrary: Display: ShaderCodeLibraryPakFileMountedCallback: pending pak file info (ChunkID:-1 Root:root:/ File:D:/UE4/UE_4.27/FeaturePacks/TP_VehicleAdv.upack)
[2024.07.28-06.07.30:207][  0]LogPakFile: OnPakFileMounted2Time == 0.000033
[2024.07.28-06.07.30:208][  0]LogPakFile: PakFile PrimaryIndexSize=188
[2024.07.28-06.07.30:208][  0]LogPakFile: PakFile PathHashIndexSize=101
[2024.07.28-06.07.30:208][  0]LogPakFile: PakFile FullDirectoryIndexSize=150
[2024.07.28-06.07.30:208][  0]LogShaderLibrary: Display: ShaderCodeLibraryPakFileMountedCallback: PakFile 'D:/UE4/UE_4.27/FeaturePacks/TP_VehicleAdvBP.upack' (chunk index -1, root 'root:/') mounted
[2024.07.28-06.07.30:208][  0]LogShaderLibrary: Display: ShaderCodeLibraryPakFileMountedCallback: pending pak file info (ChunkID:-1 Root:root:/ File:D:/UE4/UE_4.27/FeaturePacks/TP_VehicleAdvBP.upack)
[2024.07.28-06.07.30:208][  0]LogPakFile: OnPakFileMounted2Time == 0.000040
[2024.07.28-06.07.30:210][  0]LogPakFile: PakFile PrimaryIndexSize=185
[2024.07.28-06.07.30:210][  0]LogPakFile: PakFile PathHashIndexSize=101
[2024.07.28-06.07.30:210][  0]LogPakFile: PakFile FullDirectoryIndexSize=144
[2024.07.28-06.07.30:210][  0]LogShaderLibrary: Display: ShaderCodeLibraryPakFileMountedCallback: PakFile 'D:/UE4/UE_4.27/FeaturePacks/TP_VehicleBP.upack' (chunk index -1, root 'root:/') mounted
[2024.07.28-06.07.30:210][  0]LogShaderLibrary: Display: ShaderCodeLibraryPakFileMountedCallback: pending pak file info (ChunkID:-1 Root:root:/ File:D:/UE4/UE_4.27/FeaturePacks/TP_VehicleBP.upack)
[2024.07.28-06.07.30:210][  0]LogPakFile: OnPakFileMounted2Time == 0.000033
[2024.07.28-06.07.30:212][  0]LogPakFile: PakFile PrimaryIndexSize=192
[2024.07.28-06.07.30:212][  0]LogPakFile: PakFile PathHashIndexSize=101
[2024.07.28-06.07.30:212][  0]LogPakFile: PakFile FullDirectoryIndexSize=158
[2024.07.28-06.07.30:212][  0]LogShaderLibrary: Display: ShaderCodeLibraryPakFileMountedCallback: PakFile 'D:/UE4/UE_4.27/FeaturePacks/TP_VirtualRealityBP.upack' (chunk index -1, root 'root:/') mounted
[2024.07.28-06.07.30:212][  0]LogShaderLibrary: Display: ShaderCodeLibraryPakFileMountedCallback: pending pak file info (ChunkID:-1 Root:root:/ File:D:/UE4/UE_4.27/FeaturePacks/TP_VirtualRealityBP.upack)
[2024.07.28-06.07.30:212][  0]LogPakFile: OnPakFileMounted2Time == 0.000034
[2024.07.28-06.07.30:741][  0]LogNativeClassHierarchy: Verbose: Native class hierarchy updated for 'AddContentDialog' in 0.0002 seconds. Added 0 classes and 0 folders.
[2024.07.28-06.07.30:814][  0]LogNativeClassHierarchy: Verbose: Native class hierarchy updated for 'SceneOutliner' in 0.0003 seconds. Added 2 classes and 0 folders.
[2024.07.28-06.07.31:793][  0]LogSlate: Took 0.029271 seconds to synchronously load lazily loaded font '../../../Engine/Content/Slate/Fonts/Roboto-Regular.ttf' (155K)
[2024.07.28-06.07.31:845][  0]LogSlate: Took 0.030904 seconds to synchronously load lazily loaded font '../../../Engine/Content/Editor/Slate/Fonts/FontAwesome.ttf' (139K)
[2024.07.28-06.07.31:879][  0]LogSlate: Took 0.015178 seconds to synchronously load lazily loaded font '../../../Engine/Content/Slate/Fonts/Roboto-Bold.ttf' (160K)
[2024.07.28-06.07.32:304][  0]LogRenderer: Reallocating scene render targets to support 1208x572 Format 9 NumSamples 1 (Frame:1).
[2024.07.28-06.07.33:015][  0]LogNativeClassHierarchy: Verbose: Native class hierarchy updated for 'HierarchicalLODOutliner' in 0.0002 seconds. Added 0 classes and 0 folders.
[2024.07.28-06.07.33:015][  0]LogInput: Warning: Action Jump uses invalid key OculusGo_Left_Trigger_Click.
[2024.07.28-06.07.33:015][  0]LogInput: Warning: Action ResetVR uses invalid key OculusGo_Left_Trackpad_Click.
[2024.07.28-06.07.33:015][  0]LogInput: Warning: Use -RemoveInvalidKeys to remove instances of these keys from the action mapping.
[2024.07.28-06.07.33:015][  0]LogLoad: (Engine Initialization) Total time: 99.48 seconds
[2024.07.28-06.07.33:015][  0]LogLoad: (Engine Initialization) Total Blueprint compile time: 0.00 seconds
[2024.07.28-06.07.33:464][  0]LogContentStreaming: Texture pool size now 400 MB
[2024.07.28-06.07.34:101][  2]LogSlate: Took 0.022348 seconds to synchronously load lazily loaded font '../../../Engine/Content/Slate/Fonts/Roboto-Light.ttf' (167K)
[2024.07.28-06.07.34:340][  4]LogAssetRegistry: Asset discovery search completed in 59.5758 seconds
[2024.07.28-06.07.34:405][  4]LogCollectionManager: Fixed up redirectors for 0 collections in 0.000004 seconds (updated 0 objects)
[2024.07.28-06.07.34:414][  4]LogSlate: Took 0.000151 seconds to synchronously load lazily loaded font '../../../Engine/Content/Slate/Fonts/Roboto-Light.ttf' (167K)
[2024.07.28-06.07.36:503][225]LogAssetEditorSubsystem: Opening Asset editor for Blueprint /Game/_Blueprints/BP_MainCharacter.BP_MainCharacter
[2024.07.28-06.07.37:089][225]LogNativeClassHierarchy: Verbose: Native class hierarchy updated for 'BlueprintGraph' in 0.0006 seconds. Added 126 classes and 0 folders.
[2024.07.28-06.07.38:649][225]LogSlate: Took 0.034831 seconds to synchronously load lazily loaded font '../../../Engine/Content/Slate/Fonts/Roboto-BoldCondensed.ttf' (158K)
[2024.07.28-06.07.38:977][226]LogSlate: Took 0.016134 seconds to synchronously load lazily loaded font '../../../Engine/Content/Slate/Fonts/Roboto-Italic.ttf' (157K)
[2024.07.28-06.07.42:675][643]LogWindows: Warning: CreateProc failed: The system cannot find the file specified. (0x00000002)
[2024.07.28-06.07.42:675][643]LogWindows: Warning: URL: C:/Program Files/Git/bin/git.exe version
[2024.07.28-06.07.42:676][643]LogWindows: Warning: CreateProc failed: The system cannot find the file specified. (0x00000002)
[2024.07.28-06.07.42:676][643]LogWindows: Warning: URL: C:/Program Files (x86)/Git/bin/git.exe version
[2024.07.28-06.07.42:676][643]LogWindows: Warning: CreateProc failed: The system cannot find the file specified. (0x00000002)
[2024.07.28-06.07.42:676][643]LogWindows: Warning: URL: C:\Users\User\AppData\Local/Programs/Git/cmd/git.exe version
[2024.07.28-06.07.42:676][643]LogWindows: Warning: CreateProc failed: The system cannot find the file specified. (0x00000002)
[2024.07.28-06.07.42:676][643]LogWindows: Warning: URL: C:/Program Files (x86)/SmartGit/git/bin/git.exe version
[2024.07.28-06.07.42:676][643]LogWindows: Warning: CreateProc failed: The system cannot find the file specified. (0x00000002)
[2024.07.28-06.07.42:676][643]LogWindows: Warning: URL: C:/Program Files (x86)/SmartGit/bin/git.exe version
[2024.07.28-06.07.42:676][643]LogWindows: Warning: CreateProc failed: The system cannot find the file specified. (0x00000002)
[2024.07.28-06.07.42:676][643]LogWindows: Warning: URL: C:\Users\User\AppData\Local/Atlassian/SourceTree/git_local/bin/git.exe version
[2024.07.28-06.07.42:676][643]LogWindows: Warning: CreateProc failed: The system cannot find the file specified. (0x00000002)
[2024.07.28-06.07.42:676][643]LogWindows: Warning: URL: C:/Program Files (x86)/fournova/Tower/vendor/Git/bin/git.exe version
[2024.07.28-06.07.44:695][880]SourceControl: Error: Connection Error: Failed to enable Git source control. You need to install Git and specify a valid path to git executable.
[2024.07.28-06.08.43:151][640]SourceControl: Source control is disabled
[2024.07.28-06.08.43:151][640]LogSlate: Window 'Source Control Login' being destroyed
[2024.07.28-06.09.22:731][973]LogWindows: Warning: CreateProc failed: The system cannot find the file specified. (0x00000002)
[2024.07.28-06.09.22:731][973]LogWindows: Warning: URL: C:/Program Files/Git/bin/git.exe version
[2024.07.28-06.09.22:731][973]LogWindows: Warning: CreateProc failed: The system cannot find the file specified. (0x00000002)
[2024.07.28-06.09.22:731][973]LogWindows: Warning: URL: C:/Program Files (x86)/Git/bin/git.exe version
[2024.07.28-06.09.22:732][973]LogWindows: Warning: CreateProc failed: The system cannot find the file specified. (0x00000002)
[2024.07.28-06.09.22:732][973]LogWindows: Warning: URL: C:\Users\User\AppData\Local/Programs/Git/cmd/git.exe version
[2024.07.28-06.09.22:732][973]LogWindows: Warning: CreateProc failed: The system cannot find the file specified. (0x00000002)
[2024.07.28-06.09.22:732][973]LogWindows: Warning: URL: C:/Program Files (x86)/SmartGit/git/bin/git.exe version
[2024.07.28-06.09.22:732][973]LogWindows: Warning: CreateProc failed: The system cannot find the file specified. (0x00000002)
[2024.07.28-06.09.22:732][973]LogWindows: Warning: URL: C:/Program Files (x86)/SmartGit/bin/git.exe version
[2024.07.28-06.09.22:732][973]LogWindows: Warning: CreateProc failed: The system cannot find the file specified. (0x00000002)
[2024.07.28-06.09.22:732][973]LogWindows: Warning: URL: C:\Users\User\AppData\Local/Atlassian/SourceTree/git_local/bin/git.exe version
[2024.07.28-06.09.22:732][973]LogWindows: Warning: CreateProc failed: The system cannot find the file specified. (0x00000002)
[2024.07.28-06.09.22:732][973]LogWindows: Warning: URL: C:/Program Files (x86)/fournova/Tower/vendor/Git/bin/git.exe version
[2024.07.28-06.10.55:831][815]LogSlate: Window 'Source Control Login' being destroyed
